<?xml version="1.0" encoding="UTF-8"?>
<testsuites><testsuite name="Touchstone" tests="1350"><testcase name="FSR400853bf1_ForceReplicationSizeOfLogQueue_replLogQueueSize" classname="Touchstone"/><testcase name="FSR451209ir2_JettyLatency_jettyLatency" classname="Touchstone"/><testcase name="FSR400853bf1_ForceServerFullGCcount_fullGC" classname="Touchstone"/><testcase name="FSR451209ir2_JettyFailureRate_jettyFailureRate" classname="Touchstone"/><testcase name="FSR452013ir2_ForceApiCount_listFolderApiCount" classname="Touchstone"/><testcase name="FSR321214ne1_JettyLatency_jettyLatency" classname="Touchstone"/><testcase name="FSR452013ir2_ForceApiLatency_getMailboxLatency" classname="Touchstone"/><testcase name="FSR426229bf2_JettyLatency_jettyLatency" classname="Touchstone"/><testcase name="FSR451209ir2_ForceReplicationSizeOfLogQueue_replLogQueueSize" classname="Touchstone"/><testcase name="FSR451209ir2_ForceApiFailureRate_getFolderFailureRate" classname="Touchstone"/><testcase name="FSR452013ir2_SysMemUsedPctLinux_sysMemoryPct" classname="Touchstone"/><testcase name="FSR400853bf1_JettyLatency_jettyLatency" classname="Touchstone"/><testcase name="FSR451209ir2_SysMemUsedPctLinux_sysMemoryPct" classname="Touchstone"/><testcase name="FSR451209ir2_ForceApiLatency_getFolderLatency" classname="Touchstone"/><testcase name="FSR451209ir2_ForceServerFullGCcount_fullGC" classname="Touchstone"/><testcase name="FSR451209ir2_ForceApiLatency_foldersLatency" classname="Touchstone"/><testcase name="FSR321214ne1_ForceApiLatency_flagSetLatency" classname="Touchstone"/><testcase name="FSR321214ne1_SysMemUsedPctLinux_sysMemoryPct" classname="Touchstone"/><testcase name="FSR451209ir2_ForceApiLatency_getMailboxLatency" classname="Touchstone"/><testcase name="FSR321715ne1_SysMemUsedPctLinux_sysMemoryPct" classname="Touchstone"/><testcase name="FSR321214ne1_ForceApiCount_listFolderApiCount" classname="Touchstone"/><testcase name="FSR451209ir2_ForceApiCount_listFolderApiCount" classname="Touchstone"/><testcase name="FSR321214ne1_ForceApiLatency_appendMessageLatency" classname="Touchstone"/><testcase name="FSR501629sg3_ForceReplicationSizeOfLogQueue_replLogQueueSize" classname="Touchstone"/><testcase name="FSR321214ne1_ForceReplicationSizeOfLogQueue_replLogQueueSize" classname="Touchstone"/><testcase name="FSR371666gq1_ForceReplicationSizeOfLogQueue_replLogQueueSize" classname="Touchstone"/><testcase name="FSR452013ir2_ForceApiLatency_folderMessagesLatency" classname="Touchstone"/><testcase name="FSR452013ir2_ForceApiLatency_getFolderLatency" classname="Touchstone"/><testcase name="FSR321214ne1_ForceServerFullGCcount_fullGC" classname="Touchstone"/><testcase name="FSR452013ir2_ForceApiLatency_foldersLatency" classname="Touchstone"/><testcase name="FSR371851gq1_ForceReplicationSizeOfLogQueue_replLogQueueSize" classname="Touchstone"/><testcase name="FSR371666gq1_SysMemUsedPctLinux_sysMemoryPct" classname="Touchstone"/><testcase name="FSR400853bf1_ForceApiLatency_getFolderLatency" classname="Touchstone"/><testcase name="FSR452013ir2_ForceServerFullGCcount_fullGC" classname="Touchstone"/><testcase name="FSR321214ne1_ForceApiLatency_getFolderLatency" classname="Touchstone"/><testcase name="FSR452013ir2_JettyFailureRate_jettyFailureRate" classname="Touchstone"/><testcase name="FSR321214ne1_JettyFailureRate_jettyFailureRate" classname="Touchstone"/><testcase name="FSR400853bf1_ForceApiCount_listFolderApiCount" classname="Touchstone"/><testcase name="FSR400853bf1_ForceApiLatency_flagSetLatency" classname="Touchstone"/><testcase name="FSR426229bf2_SysMemUsedPctLinux_sysMemoryPct" classname="Touchstone"/><testcase name="FSR321715ne1_ForceApiLatency_appendMessageLatency" classname="Touchstone"/><testcase name="FSR501629sg3_SysMemUsedPctLinux_sysMemoryPct" classname="Touchstone"/><testcase name="FSR400853bf1_SysMemUsedPctLinux_sysMemoryPct" classname="Touchstone"/><testcase name="FSR452013ir2_JettyLatency_jettyLatency" classname="Touchstone"/><testcase name="FSR452013ir2_ForceReplicationSizeOfLogQueue_replLogQueueSize" classname="Touchstone"/><testcase name="FSR400853bf1_ForceApiLatency_messagesLatency" classname="Touchstone"/><testcase name="FSR321715ne1_ForceServerFullGCcount_fullGC" classname="Touchstone"/><testcase name="FSR451209ir2_ForceApiLatency_folderMessagesLatency" classname="Touchstone"/><testcase name="FSR400853bf1_ForceApiLatency_appendMessageLatency" classname="Touchstone"/><testcase name="FSR452013ir2_ForceApiLatency_flagSetLatency" classname="Touchstone"/><testcase name="FSR451209ir2_ForceApiLatency_flagSetLatency" classname="Touchstone"/><testcase name="FSR321214ne1_SysCpuBusyPctLinux_sysCpuPct" classname="Touchstone"/><testcase name="FSR451209ir2_ForceApiLatency_appendMessageLatency" classname="Touchstone"/><testcase name="FSR321214ne1_ForceApiLatency_foldersLatency" classname="Touchstone"/><testcase name="FSR452013ir2_ForceApiLatency_modifyMessageLatency" classname="Touchstone"/><testcase name="FSR451209ir2_ForceApiFailureRate_searchFailureRate" classname="Touchstone"/><testcase name="FSR400853bf1_ForceApiLatency_modifyMessageLatency" classname="Touchstone"/><testcase name="FSR427647bf2_ForceReplicationSizeOfLogQueue_replLogQueueSize" classname="Touchstone"/><testcase name="FSR371666gq1_ForceApiCount_listFolderApiCount" classname="Touchstone"/><testcase name="FSR451209ir2_ForceApiLatency_messagesLatency" classname="Touchstone"/><testcase name="FSR426229bf2_ForceApiCount_listFolderApiCount" classname="Touchstone"/><testcase name="FSR322621ne1_SysMemUsedPctLinux_sysMemoryPct" classname="Touchstone"/><testcase name="FSR426229bf2_ForceServerFullGCcount_fullGC" classname="Touchstone"/><testcase name="FSR426229bf2_ForceReplicationSizeOfLogQueue_replLogQueueSize" classname="Touchstone"/><testcase name="FSR400853bf1_JettyFailureRate_jettyFailureRate" classname="Touchstone"/><testcase name="FSR321715ne1_JettyLatency_jettyLatency" classname="Touchstone"/><testcase name="FSR321214ne1_ForceApiLatency_getMailboxLatency" classname="Touchstone"/><testcase name="FSR321715ne1_ForceApiCount_listFolderApiCount" classname="Touchstone"/><testcase name="FSR321715ne1_JettyFailureRate_jettyFailureRate" classname="Touchstone"/><testcase name="FSR400853bf1_ForceApiFailureRate_appendMessageFailureRate" classname="Touchstone"/><testcase name="FSR321715ne1_ForceReplicationSizeOfLogQueue_replLogQueueSize" classname="Touchstone"/><testcase name="FSR321214ne1_ForceApiLatency_folderMessagesLatency" classname="Touchstone"/><testcase name="FSR501629sg3_ForceApiLatency_getFolderLatency" classname="Touchstone"/><testcase name="FSR426229bf2_JettyFailureRate_jettyFailureRate" classname="Touchstone"/><testcase name="FSR452013ir2_SysCpuBusyPctLinux_sysCpuPct" classname="Touchstone"/><testcase name="FSR501629sg3_ForceApiCount_listFolderApiCount" classname="Touchstone"/><testcase name="FSR426229bf2_ForceApiLatency_flagSetLatency" classname="Touchstone"/><testcase name="FSR426229bf2_SysCpuBusyPctLinux_sysCpuPct" classname="Touchstone"/><testcase name="FSR451209ir2_SysCpuBusyPctLinux_sysCpuPct" classname="Touchstone"/><testcase name="FSR426229bf2_ForceApiLatency_getFolderLatency" classname="Touchstone"/><testcase name="FSR371851gq1_JettyLatency_jettyLatency" classname="Touchstone"/><testcase name="FSR452013ir2_ForceApiLatency_appendMessageLatency" classname="Touchstone"/><testcase name="FSR501629sg3_ForceApiFailureRate_searchFailureRate" classname="Touchstone"/><testcase name="FSR371666gq1_JettyLatency_jettyLatency" classname="Touchstone"/><testcase name="FSR400853bf1_SysCpuBusyPctLinux_sysCpuPct" classname="Touchstone"/><testcase name="FSR321715ne1_ForceApiLatency_foldersLatency" classname="Touchstone"/><testcase name="FSR400853bf1_ForceApiLatency_foldersLatency" classname="Touchstone"/><testcase name="FSR400853bf1_ForceApiLatency_getMailboxLatency" classname="Touchstone"/><testcase name="FSR321715ne1_ForceApiLatency_getMailboxLatency" classname="Touchstone"/><testcase name="FSR321214ne1_ForceApiFailureRate_searchFailureRate" classname="Touchstone"/><testcase name="FSR371402gq1_SysMemUsedPctLinux_sysMemoryPct" classname="Touchstone"/><testcase name="FSR321214ne1_ForceApiFailureRate_deleteMessageFailureRate" classname="Touchstone"/><testcase name="FSR452013ir2_ForceApiLatency_messagesLatency" classname="Touchstone"/><testcase name="FSR322621ne1_ForceReplicationSizeOfLogQueue_replLogQueueSize" classname="Touchstone"/><testcase name="FSR372074gq1_ForceReplicationSizeOfLogQueue_replLogQueueSize" classname="Touchstone"/><testcase name="FSR321715ne1_ForceApiLatency_getFolderLatency" classname="Touchstone"/><testcase name="FSR451209ir2_ForceApiFailureRate_appendMessageFailureRate" classname="Touchstone"/><testcase name="FSR452013ir2_ForceApiFailureRate_searchFailureRate" classname="Touchstone"/><testcase name="FSR400853bf1_ForceApiFailureRate_flagSetFailureRate" classname="Touchstone"/><testcase name="FSR400853bf1_ForceApiFailureRate_getFolderFailureRate" classname="Touchstone"/><testcase name="FSR371851gq1_ForceApiLatency_foldersLatency" classname="Touchstone"/><testcase name="FSR451209ir2_ForceApiLatency_modifyMessageLatency" classname="Touchstone"/><testcase name="FSR426229bf2_ForceApiLatency_appendMessageLatency" classname="Touchstone"/><testcase name="FSR371851gq1_SysMemUsedPctLinux_sysMemoryPct" classname="Touchstone"/><testcase name="FSR501629sg3_ForceApiLatency_foldersLatency" classname="Touchstone"/><testcase name="FSR501629sg3_ForceApiLatency_folderMessagesLatency" classname="Touchstone"/><testcase name="FSR400853bf1_ForceApiFailureRate_searchFailureRate" classname="Touchstone"/><testcase name="FSR501629sg3_JettyLatency_jettyLatency" classname="Touchstone"/><testcase name="FSR372074gq1_ForceServerFullGCcount_fullGC" classname="Touchstone"/><testcase name="FSR321214ne1_ForceApiLatency_messagesLatency" classname="Touchstone"/><testcase name="FSR371666gq1_ForceApiLatency_getFolderLatency" classname="Touchstone"/><testcase name="FSR371851gq1_ForceApiLatency_appendMessageLatency" classname="Touchstone"/><testcase name="FSR321483ne1_ForceReplicationSizeOfLogQueue_replLogQueueSize" classname="Touchstone"/><testcase name="FSR426229bf2_ForceApiFailureRate_foldersFailureRate" classname="Touchstone"/><testcase name="FSR427647bf2_SysMemUsedPctLinux_sysMemoryPct" classname="Touchstone"/><testcase name="FSR452013ir2_ForceApiFailureRate_folderMessagesFailureRate" classname="Touchstone"/><testcase name="FSR372074gq1_SysMemUsedPctLinux_sysMemoryPct" classname="Touchstone"/><testcase name="FSR451209ir2_ForceApiFailureRate_deleteMessageFailureRate" classname="Touchstone"/><testcase name="FSR400853bf1_ForceApiFailureRate_deleteMessageFailureRate" classname="Touchstone"/><testcase name="FSR372074gq1_ForceApiLatency_flagSetLatency" classname="Touchstone"/><testcase name="FSR371666gq1_ForceServerFullGCcount_fullGC" classname="Touchstone"/><testcase name="FSR372074gq1_ForceApiLatency_getFolderLatency" classname="Touchstone"/><testcase name="FSR371851gq1_ForceApiCount_listFolderApiCount" classname="Touchstone"/><testcase name="FSR451209ir2_ForceApiFailureRate_folderMessagesFailureRate" classname="Touchstone"/><testcase name="FSR371666gq1_ForceApiLatency_modifyMessageLatency" classname="Touchstone"/><testcase name="FSR426229bf2_ForceApiFailureRate_appendMessageFailureRate" classname="Touchstone"/><testcase name="FSR372074gq1_ForceApiCount_listFolderApiCount" classname="Touchstone"/><testcase name="FSR372074gq1_JettyFailureRate_jettyFailureRate" classname="Touchstone"/><testcase name="FSR501629sg3_ForceApiLatency_messagesLatency" classname="Touchstone"/><testcase name="FSR427647bf2_ForceApiLatency_getFolderLatency" classname="Touchstone"/><testcase name="FSR426229bf2_ForceApiFailureRate_getFolderFailureRate" classname="Touchstone"/><testcase name="FSR321483ne1_SysMemUsedPctLinux_sysMemoryPct" classname="Touchstone"/><testcase name="FSR501629sg3_ForceServerFullGCcount_fullGC" classname="Touchstone"/><testcase name="FSR321214ne1_ForceApiFailureRate_flagSetFailureRate" classname="Touchstone"/><testcase name="FSR501629sg3_ForceApiFailureRate_flagSetFailureRate" classname="Touchstone"/><testcase name="FSR371666gq1_ForceApiLatency_folderMessagesLatency" classname="Touchstone"/><testcase name="FSR400853bf1_ForceApiLatency_folderMessagesLatency" classname="Touchstone"/><testcase name="FSR323060ne1_ForceReplicationSizeOfLogQueue_replLogQueueSize" classname="Touchstone"/><testcase name="FSR426229bf2_ForceApiLatency_folderMessagesLatency" classname="Touchstone"/><testcase name="FSR501629sg3_JettyFailureRate_jettyFailureRate" classname="Touchstone"/><testcase name="FSR371666gq1_ForceApiLatency_foldersLatency" classname="Touchstone"/><testcase name="FSR321715ne1_ForceApiFailureRate_deleteMessageFailureRate" classname="Touchstone"/><testcase name="FSR321214ne1_ForceApiFailureRate_folderMessagesFailureRate" classname="Touchstone"/><testcase name="FSR321214ne1_ForceApiFailureRate_foldersFailureRate" classname="Touchstone"/><testcase name="FSR371666gq1_ForceApiLatency_flagSetLatency" classname="Touchstone"/><testcase name="FSR451209ir2_ForceApiFailureRate_flagSetFailureRate" classname="Touchstone"/><testcase name="FSR372074gq1_ForceApiLatency_modifyMessageLatency" classname="Touchstone"/><testcase name="FSR501629sg3_ForceApiLatency_getMailboxLatency" classname="Touchstone"/><testcase name="FSR400853bf1_ForceApiFailureRate_getMailboxFailureRate" classname="Touchstone"/><testcase name="FSR400853bf1_ForceApiFailureRate_modifyMessageFailureRate" classname="Touchstone"/><testcase name="FSR501629sg3_ForceApiLatency_appendMessageLatency" classname="Touchstone"/><testcase name="FSR426229bf2_ForceApiLatency_messagesLatency" classname="Touchstone"/><testcase name="FSR452013ir2_ForceApiFailureRate_getFolderFailureRate" classname="Touchstone"/><testcase name="FSR371666gq1_ForceApiLatency_getMailboxLatency" classname="Touchstone"/><testcase name="FSR426229bf2_ForceApiFailureRate_flagSetFailureRate" classname="Touchstone"/><testcase name="FSR322621ne1_ForceServerFullGCcount_fullGC" classname="Touchstone"/><testcase name="FSR452013ir2_ForceApiFailureRate_deleteMessageFailureRate" classname="Touchstone"/><testcase name="FSR372074gq1_JettyLatency_jettyLatency" classname="Touchstone"/><testcase name="FSR372074gq1_ForceApiLatency_foldersLatency" classname="Touchstone"/><testcase name="FSR321715ne1_ForceApiLatency_folderMessagesLatency" classname="Touchstone"/><testcase name="FSR452013ir2_ForceApiFailureRate_flagSetFailureRate" classname="Touchstone"/><testcase name="FSR425807bf2_ForceReplicationSizeOfLogQueue_replLogQueueSize" classname="Touchstone"/><testcase name="FSR371851gq1_ForceServerFullGCcount_fullGC" classname="Touchstone"/><testcase name="FSR426229bf2_ForceApiLatency_foldersLatency" classname="Touchstone"/><testcase name="FSR321715ne1_ForceApiLatency_messagesLatency" classname="Touchstone"/><testcase name="FSR322621ne1_ForceApiCount_listFolderApiCount" classname="Touchstone"/><testcase name="FSR371402gq1_ForceReplicationSizeOfLogQueue_replLogQueueSize" classname="Touchstone"/><testcase name="FSR426229bf2_ForceApiFailureRate_getMailboxFailureRate" classname="Touchstone"/><testcase name="FSR372074gq1_ForceApiLatency_messagesLatency" classname="Touchstone"/><testcase name="FSR452013ir2_ForceApiFailureRate_getMailboxFailureRate" classname="Touchstone"/><testcase name="FSR426229bf2_ForceApiFailureRate_modifyMessageFailureRate" classname="Touchstone"/><testcase name="FSR322621ne1_JettyFailureRate_jettyFailureRate" classname="Touchstone"/><testcase name="FSR322621ne1_JettyLatency_jettyLatency" classname="Touchstone"/><testcase name="FSR321214ne1_ForceApiFailureRate_appendMessageFailureRate" classname="Touchstone"/><testcase name="FSR371402gq1_ForceApiLatency_appendMessageLatency" classname="Touchstone"/><testcase name="FSR451209ir2_ForceApiFailureRate_modifyMessageFailureRate" classname="Touchstone"/><testcase name="FSR451209ir2_ForceApiFailureRate_getMailboxFailureRate" classname="Touchstone"/><testcase name="FSR371402gq1_ForceApiLatency_foldersLatency" classname="Touchstone"/><testcase name="FSR321715ne1_ForceApiFailureRate_flagSetFailureRate" classname="Touchstone"/><testcase name="FSR501629sg3_ForceApiLatency_flagSetLatency" classname="Touchstone"/><testcase name="FSR321214ne1_ForceApiLatency_modifyMessageLatency" classname="Touchstone"/><testcase name="FSR321715ne1_ForceApiFailureRate_folderMessagesFailureRate" classname="Touchstone"/><testcase name="FSR321214ne1_ForceApiFailureRate_getMailboxFailureRate" classname="Touchstone"/><testcase name="FSR501629sg3_ForceApiLatency_modifyMessageLatency" classname="Touchstone"/><testcase name="FSR400853bf1_ForceApiFailureRate_folderMessagesFailureRate" classname="Touchstone"/><testcase name="FSR371666gq1_ForceApiFailureRate_flagSetFailureRate" classname="Touchstone"/><testcase name="FSR452013ir2_ForceApiFailureRate_modifyMessageFailureRate" classname="Touchstone"/><testcase name="FSR321715ne1_ForceApiFailureRate_appendMessageFailureRate" classname="Touchstone"/><testcase name="FSR427647bf2_ForceApiCount_listFolderApiCount" classname="Touchstone"/><testcase name="FSR321214ne1_ForceApiFailureRate_messagesFailureRate" classname="Touchstone"/><testcase name="FSR371666gq1_ForceApiLatency_appendMessageLatency" classname="Touchstone"/><testcase name="FSR371851gq1_ForceApiLatency_flagSetLatency" classname="Touchstone"/><testcase name="FSR372074gq1_ForceApiLatency_folderMessagesLatency" classname="Touchstone"/><testcase name="FSR321214ne1_ForceApiFailureRate_getFolderFailureRate" classname="Touchstone"/><testcase name="FSR372074gq1_ForceApiFailureRate_appendMessageFailureRate" classname="Touchstone"/><testcase name="FSR426229bf2_ForceApiFailureRate_searchFailureRate" classname="Touchstone"/><testcase name="FSR501009sg3_ForceReplicationSizeOfLogQueue_replLogQueueSize" classname="Touchstone"/><testcase name="FSR426229bf2_ForceApiLatency_getMailboxLatency" classname="Touchstone"/><testcase name="FSR452013ir2_ForceApiFailureRate_foldersFailureRate" classname="Touchstone"/><testcase name="FSR501629sg3_ForceApiFailureRate_foldersFailureRate" classname="Touchstone"/><testcase name="FSR451209ir2_ForceApiFailureRate_foldersFailureRate" classname="Touchstone"/><testcase name="FSR371851gq1_JettyFailureRate_jettyFailureRate" classname="Touchstone"/><testcase name="FSR452013ir2_ForceApiFailureRate_appendMessageFailureRate" classname="Touchstone"/><testcase name="FSR371666gq1_ForceApiFailureRate_deleteMessageFailureRate" classname="Touchstone"/><testcase name="FSR426229bf2_ForceApiFailureRate_deleteMessageFailureRate" classname="Touchstone"/><testcase name="FSR321214ne1_ForceApiFailureRate_modifyMessageFailureRate" classname="Touchstone"/><testcase name="FSR501629sg3_ForceApiFailureRate_folderMessagesFailureRate" classname="Touchstone"/><testcase name="FSR451209ir2_ForceApiFailureRate_messagesFailureRate" classname="Touchstone"/><testcase name="FSR426229bf2_ForceApiFailureRate_messagesFailureRate" classname="Touchstone"/><testcase name="FSR400853bf1_ForceApiFailureRate_foldersFailureRate" classname="Touchstone"/><testcase name="FSR371851gq1_ForceApiFailureRate_getFolderFailureRate" classname="Touchstone"/><testcase name="FSR321715ne1_ForceApiFailureRate_getMailboxFailureRate" classname="Touchstone"/><testcase name="FSR321715ne1_ForceApiFailureRate_getFolderFailureRate" classname="Touchstone"/><testcase name="FSR452013ir2_ForceApiFailureRate_messagesFailureRate" classname="Touchstone"/><testcase name="FSR371851gq1_ForceApiLatency_messagesLatency" classname="Touchstone"/><testcase name="FSR427647bf2_ForceApiLatency_appendMessageLatency" classname="Touchstone"/><testcase name="FSR400853bf1_ForceApiFailureRate_messagesFailureRate" classname="Touchstone"/><testcase name="FSR322621ne1_ForceApiLatency_foldersLatency" classname="Touchstone"/><testcase name="FSR371851gq1_ForceApiFailureRate_foldersFailureRate" classname="Touchstone"/><testcase name="FSR372074gq1_ForceApiLatency_appendMessageLatency" classname="Touchstone"/><testcase name="FSR371402gq1_JettyFailureRate_jettyFailureRate" classname="Touchstone"/><testcase name="FSR427647bf2_JettyLatency_jettyLatency" classname="Touchstone"/><testcase name="FSR426229bf2_ForceApiLatency_modifyMessageLatency" classname="Touchstone"/><testcase name="FSR371402gq1_ForceApiCount_listFolderApiCount" classname="Touchstone"/><testcase name="FSR501009sg3_SysMemUsedPctLinux_sysMemoryPct" classname="Touchstone"/><testcase name="FSR427647bf2_ForceApiFailureRate_getFolderFailureRate" classname="Touchstone"/><testcase name="FSR371666gq1_ForceApiFailureRate_getFolderFailureRate" classname="Touchstone"/><testcase name="FSR371851gq1_ForceApiFailureRate_appendMessageFailureRate" classname="Touchstone"/><testcase name="FSR371666gq1_ForceApiFailureRate_foldersFailureRate" classname="Touchstone"/><testcase name="FSR372074gq1_ForceApiFailureRate_modifyMessageFailureRate" classname="Touchstone"/><testcase name="FSR372074gq1_ForceApiFailureRate_flagSetFailureRate" classname="Touchstone"/><testcase name="FSR401034bf1_ForceApiCount_listFolderApiCount" classname="Touchstone"/><testcase name="FSR371402gq1_ForceApiLatency_messagesLatency" classname="Touchstone"/><testcase name="FSR321715ne1_ForceApiLatency_flagSetLatency" classname="Touchstone"/><testcase name="FSR371666gq1_ForceApiFailureRate_getMailboxFailureRate" classname="Touchstone"/><testcase name="FSR401034bf1_ForceReplicationSizeOfLogQueue_replLogQueueSize" classname="Touchstone"/><testcase name="FSR321483ne1_ForceServerFullGCcount_fullGC" classname="Touchstone"/><testcase name="FSR321715ne1_ForceApiFailureRate_searchFailureRate" classname="Touchstone"/><testcase name="FSR501009sg3_JettyLatency_jettyLatency" classname="Touchstone"/><testcase name="FSR501629sg3_ForceApiFailureRate_getFolderFailureRate" classname="Touchstone"/><testcase name="FSR371402gq1_ForceApiLatency_getMailboxLatency" classname="Touchstone"/><testcase name="FSR322621ne1_ForceApiFailureRate_appendMessageFailureRate" classname="Touchstone"/><testcase name="FSR371402gq1_JettyLatency_jettyLatency" classname="Touchstone"/><testcase name="FSR371851gq1_ForceApiLatency_folderMessagesLatency" classname="Touchstone"/><testcase name="FSR371666gq1_ForceApiFailureRate_searchFailureRate" classname="Touchstone"/><testcase name="FSR371402gq1_ForceApiFailureRate_appendMessageFailureRate" classname="Touchstone"/><testcase name="FSR322621ne1_ForceApiLatency_modifyMessageLatency" classname="Touchstone"/><testcase name="FSR425807bf2_JettyLatency_jettyLatency" classname="Touchstone"/><testcase name="FSR321483ne1_ForceApiLatency_appendMessageLatency" classname="Touchstone"/><testcase name="FSR322621ne1_ForceApiLatency_getFolderLatency" classname="Touchstone"/><testcase name="FSR372074gq1_ForceApiFailureRate_getFolderFailureRate" classname="Touchstone"/><testcase name="FSR322621ne1_ForceApiFailureRate_foldersFailureRate" classname="Touchstone"/><testcase name="FSR322621ne1_ForceApiLatency_messagesLatency" classname="Touchstone"/><testcase name="FSR321483ne1_ForceApiLatency_messagesLatency" classname="Touchstone"/><testcase name="FSR321715ne1_ForceApiFailureRate_foldersFailureRate" classname="Touchstone"/><testcase name="FSR371666gq1_JettyFailureRate_jettyFailureRate" classname="Touchstone"/><testcase name="FSR321483ne1_ForceApiLatency_getMailboxLatency" classname="Touchstone"/><testcase name="FSR372074gq1_ForceApiLatency_getMailboxLatency" classname="Touchstone"/><testcase name="FSR501009sg3_ForceApiLatency_appendMessageLatency" classname="Touchstone"/><testcase name="FSR321483ne1_ForceApiFailureRate_appendMessageFailureRate" classname="Touchstone"/><testcase name="FSR501009sg3_ForceServerFullGCcount_fullGC" classname="Touchstone"/><testcase name="FSR426229bf2_ForceApiFailureRate_folderMessagesFailureRate" classname="Touchstone"/><testcase name="FSR427647bf2_JettyFailureRate_jettyFailureRate" classname="Touchstone"/><testcase name="FSR425807bf2_ForceServerFullGCcount_fullGC" classname="Touchstone"/><testcase name="FSR372074gq1_ForceApiFailureRate_searchFailureRate" classname="Touchstone"/><testcase name="FSR501629sg3_ForceApiFailureRate_modifyMessageFailureRate" classname="Touchstone"/><testcase name="FSR501629sg3_ForceApiFailureRate_appendMessageFailureRate" classname="Touchstone"/><testcase name="FSR425807bf2_ForceApiLatency_messagesLatency" classname="Touchstone"/><testcase name="FSR371666gq1_ForceApiLatency_messagesLatency" classname="Touchstone"/><testcase name="FSR371666gq1_SysCpuBusyPctLinux_sysCpuPct" classname="Touchstone"/><testcase name="FSR371666gq1_ForceApiFailureRate_folderMessagesFailureRate" classname="Touchstone"/><testcase name="FSR321715ne1_ForceApiLatency_modifyMessageLatency" classname="Touchstone"/><testcase name="FSR371666gq1_ForceApiFailureRate_modifyMessageFailureRate" classname="Touchstone"/><testcase name="FSR321715ne1_ForceApiFailureRate_modifyMessageFailureRate" classname="Touchstone"/><testcase name="FSR372074gq1_ForceApiFailureRate_deleteMessageFailureRate" classname="Touchstone"/><testcase name="FSR501629sg3_ForceApiFailureRate_deleteMessageFailureRate" classname="Touchstone"/><testcase name="FSR371402gq1_ForceApiFailureRate_foldersFailureRate" classname="Touchstone"/><testcase name="FSR371851gq1_ForceApiFailureRate_searchFailureRate" classname="Touchstone"/><testcase name="FSR427647bf2_ForceApiLatency_foldersLatency" classname="Touchstone"/><testcase name="FSR427647bf2_ForceApiLatency_messagesLatency" classname="Touchstone"/><testcase name="FSR371851gq1_ForceApiFailureRate_flagSetFailureRate" classname="Touchstone"/><testcase name="FSR372074gq1_ForceApiFailureRate_getMailboxFailureRate" classname="Touchstone"/><testcase name="FSR321483ne1_ForceApiFailureRate_flagSetFailureRate" classname="Touchstone"/><testcase name="FSR427647bf2_ForceApiFailureRate_modifyMessageFailureRate" classname="Touchstone"/><testcase name="FSR321715ne1_ForceApiFailureRate_messagesFailureRate" classname="Touchstone"/><testcase name="FSR321715ne1_SysCpuBusyPctLinux_sysCpuPct" classname="Touchstone"/><testcase name="FSR427647bf2_ForceApiFailureRate_deleteMessageFailureRate" classname="Touchstone"/><testcase name="FSR321483ne1_ForceApiFailureRate_searchFailureRate" classname="Touchstone"/><testcase name="FSR427647bf2_ForceApiLatency_flagSetLatency" classname="Touchstone"/><testcase name="FSR425807bf2_ForceApiLatency_getFolderLatency" classname="Touchstone"/><testcase name="FSR427647bf2_ForceApiFailureRate_getMailboxFailureRate" classname="Touchstone"/><testcase name="FSR322621ne1_ForceApiLatency_flagSetLatency" classname="Touchstone"/><testcase name="FSR401034bf1_ForceServerFullGCcount_fullGC" classname="Touchstone"/><testcase name="FSR321483ne1_ForceApiLatency_foldersLatency" classname="Touchstone"/><testcase name="FSR322621ne1_ForceApiLatency_appendMessageLatency" classname="Touchstone"/><testcase name="FSR371851gq1_ForceApiLatency_getFolderLatency" classname="Touchstone"/><testcase name="FSR425807bf2_SysMemUsedPctLinux_sysMemoryPct" classname="Touchstone"/><testcase name="FSR371851gq1_ForceApiFailureRate_folderMessagesFailureRate" classname="Touchstone"/><testcase name="FSR501009sg3_ForceApiLatency_messagesLatency" classname="Touchstone"/><testcase name="FSR371666gq1_ForceApiFailureRate_appendMessageFailureRate" classname="Touchstone"/><testcase name="FSR372074gq1_ForceApiFailureRate_messagesFailureRate" classname="Touchstone"/><testcase name="FSR322243ne1_SysMemUsedPctLinux_sysMemoryPct" classname="Touchstone"/><testcase name="FSR425807bf2_ForceApiLatency_folderMessagesLatency" classname="Touchstone"/><testcase name="FSR323060ne1_JettyLatency_jettyLatency" classname="Touchstone"/><testcase name="FSR371402gq1_ForceApiLatency_modifyMessageLatency" classname="Touchstone"/><testcase name="FSR427647bf2_ForceApiLatency_getMailboxLatency" classname="Touchstone"/><testcase name="FSR322621ne1_ForceApiFailureRate_flagSetFailureRate" classname="Touchstone"/><testcase name="FSR322621ne1_ForceApiFailureRate_searchFailureRate" classname="Touchstone"/><testcase name="FSR322243ne1_JettyLatency_jettyLatency" classname="Touchstone"/><testcase name="FSR372074gq1_ForceApiFailureRate_foldersFailureRate" classname="Touchstone"/><testcase name="FSR371851gq1_ForceApiFailureRate_messagesFailureRate" classname="Touchstone"/><testcase name="FSR371402gq1_ForceApiLatency_folderMessagesLatency" classname="Touchstone"/><testcase name="FSR427647bf2_ForceServerFullGCcount_fullGC" classname="Touchstone"/><testcase name="FSR323060ne1_ForceApiLatency_foldersLatency" classname="Touchstone"/><testcase name="FSR425807bf2_ForceApiLatency_foldersLatency" classname="Touchstone"/><testcase name="FSR371851gq1_ForceApiLatency_getMailboxLatency" classname="Touchstone"/><testcase name="FSR371402gq1_ForceServerFullGCcount_fullGC" classname="Touchstone"/><testcase name="FSR371851gq1_ForceApiLatency_modifyMessageLatency" classname="Touchstone"/><testcase name="FSR371402gq1_ForceApiLatency_getFolderLatency" classname="Touchstone"/><testcase name="FSR321483ne1_ForceApiLatency_flagSetLatency" classname="Touchstone"/><testcase name="FSR401034bf1_JettyLatency_jettyLatency" classname="Touchstone"/><testcase name="FSR501009sg3_ForceApiLatency_foldersLatency" classname="Touchstone"/><testcase name="FSR427647bf2_ForceApiLatency_modifyMessageLatency" classname="Touchstone"/><testcase name="FSR501009sg3_ForceApiLatency_folderMessagesLatency" classname="Touchstone"/><testcase name="FSR322621ne1_ForceApiLatency_folderMessagesLatency" classname="Touchstone"/><testcase name="FSR323060ne1_ForceApiCount_listFolderApiCount" classname="Touchstone"/><testcase name="FSR321483ne1_ForceApiCount_listFolderApiCount" classname="Touchstone"/><testcase name="FSR425807bf2_ForceApiCount_listFolderApiCount" classname="Touchstone"/><testcase name="FSR321483ne1_ForceApiLatency_modifyMessageLatency" classname="Touchstone"/><testcase name="FSR427647bf2_ForceApiLatency_folderMessagesLatency" classname="Touchstone"/><testcase name="FSR323060ne1_ForceApiLatency_messagesLatency" classname="Touchstone"/><testcase name="FSR501009sg3_ForceApiCount_listFolderApiCount" classname="Touchstone"/><testcase name="FSR427401bf2_ForceReplicationSizeOfLogQueue_replLogQueueSize" classname="Touchstone"/><testcase name="FSR323060ne1_ForceApiLatency_appendMessageLatency" classname="Touchstone"/><testcase name="FSR323060ne1_ForceApiFailureRate_getFolderFailureRate" classname="Touchstone"/><testcase name="FSR322243ne1_ForceReplicationSizeOfLogQueue_replLogQueueSize" classname="Touchstone"/><testcase name="FSR425807bf2_ForceApiFailureRate_getFolderFailureRate" classname="Touchstone"/><testcase name="FSR401034bf1_SysMemUsedPctLinux_sysMemoryPct" classname="Touchstone"/><testcase name="FSR425807bf2_ForceApiFailureRate_searchFailureRate" classname="Touchstone"/><testcase name="FSR425807bf2_JettyFailureRate_jettyFailureRate" classname="Touchstone"/><testcase name="FSR321483ne1_ForceApiFailureRate_getFolderFailureRate" classname="Touchstone"/><testcase name="FSR321827ne1_SysMemUsedPctLinux_sysMemoryPct" classname="Touchstone"/><testcase name="FSR372074gq1_SysCpuBusyPctLinux_sysCpuPct" classname="Touchstone"/><testcase name="FSR371851gq1_SysCpuBusyPctLinux_sysCpuPct" classname="Touchstone"/><testcase name="FSR425807bf2_ForceApiLatency_flagSetLatency" classname="Touchstone"/><testcase name="FSR501009sg3_ForceApiFailureRate_getMailboxFailureRate" classname="Touchstone"/><testcase name="FSR501629sg3_ForceApiFailureRate_getMailboxFailureRate" classname="Touchstone"/><testcase name="FSR371851gq1_ForceApiFailureRate_getMailboxFailureRate" classname="Touchstone"/><testcase name="FSR321483ne1_ForceApiLatency_folderMessagesLatency" classname="Touchstone"/><testcase name="FSR371402gq1_ForceApiFailureRate_getMailboxFailureRate" classname="Touchstone"/><testcase name="FSR322621ne1_ForceApiFailureRate_modifyMessageFailureRate" classname="Touchstone"/><testcase name="FSR371402gq1_ForceApiFailureRate_deleteMessageFailureRate" classname="Touchstone"/><testcase name="FSR321483ne1_ForceApiLatency_getFolderLatency" classname="Touchstone"/><testcase name="FSR371402gq1_ForceApiFailureRate_getFolderFailureRate" classname="Touchstone"/><testcase name="FSR427647bf2_ForceApiFailureRate_appendMessageFailureRate" classname="Touchstone"/><testcase name="FSR323060ne1_ForceApiLatency_flagSetLatency" classname="Touchstone"/><testcase name="FSR371666gq1_ForceApiFailureRate_messagesFailureRate" classname="Touchstone"/><testcase name="FSR425807bf2_ForceApiFailureRate_appendMessageFailureRate" classname="Touchstone"/><testcase name="FSR427647bf2_ForceApiFailureRate_folderMessagesFailureRate" classname="Touchstone"/><testcase name="FSR501629sg3_SysCpuBusyPctLinux_sysCpuPct" classname="Touchstone"/><testcase name="FSR501009sg3_ForceApiLatency_flagSetLatency" classname="Touchstone"/><testcase name="FSR372074gq1_ForceApiFailureRate_folderMessagesFailureRate" classname="Touchstone"/><testcase name="FSR501009sg3_ForceApiFailureRate_foldersFailureRate" classname="Touchstone"/><testcase name="FSR321483ne1_JettyLatency_jettyLatency" classname="Touchstone"/><testcase name="FSR401034bf1_ForceApiFailureRate_foldersFailureRate" classname="Touchstone"/><testcase name="FSR427647bf2_ForceApiFailureRate_searchFailureRate" classname="Touchstone"/><testcase name="FSR501009sg3_ForceApiFailureRate_searchFailureRate" classname="Touchstone"/><testcase name="FSR371402gq1_ForceApiFailureRate_searchFailureRate" classname="Touchstone"/><testcase name="FSR427401bf2_ForceApiCount_listFolderApiCount" classname="Touchstone"/><testcase name="FSR427647bf2_ForceApiFailureRate_messagesFailureRate" classname="Touchstone"/><testcase name="FSR371851gq1_ForceApiFailureRate_deleteMessageFailureRate" classname="Touchstone"/><testcase name="FSR322621ne1_ForceApiFailureRate_getFolderFailureRate" classname="Touchstone"/><testcase name="FSR425807bf2_ForceApiLatency_appendMessageLatency" classname="Touchstone"/><testcase name="FSR321827ne1_ForceReplicationSizeOfLogQueue_replLogQueueSize" classname="Touchstone"/><testcase name="FSR321483ne1_ForceApiFailureRate_messagesFailureRate" classname="Touchstone"/><testcase name="FSR425807bf2_ForceApiFailureRate_flagSetFailureRate" classname="Touchstone"/><testcase name="FSR323060ne1_ForceApiLatency_modifyMessageLatency" classname="Touchstone"/><testcase name="FSR371402gq1_ForceApiLatency_flagSetLatency" classname="Touchstone"/><testcase name="FSR401034bf1_ForceApiLatency_appendMessageLatency" classname="Touchstone"/><testcase name="FSR322243ne1_ForceApiLatency_modifyMessageLatency" classname="Touchstone"/><testcase name="FSR501009sg3_ForceApiFailureRate_folderMessagesFailureRate" classname="Touchstone"/><testcase name="FSR501009sg3_ForceApiLatency_modifyMessageLatency" classname="Touchstone"/><testcase name="FSR322621ne1_ForceApiFailureRate_getMailboxFailureRate" classname="Touchstone"/><testcase name="FSR371851gq1_ForceApiFailureRate_modifyMessageFailureRate" classname="Touchstone"/><testcase name="FSR322621ne1_ForceApiFailureRate_folderMessagesFailureRate" classname="Touchstone"/><testcase name="FSR321483ne1_JettyFailureRate_jettyFailureRate" classname="Touchstone"/><testcase name="FSR401034bf1_ForceApiLatency_modifyMessageLatency" classname="Touchstone"/><testcase name="FSR501009sg3_ForceApiFailureRate_getFolderFailureRate" classname="Touchstone"/><testcase name="FSR425807bf2_ForceApiFailureRate_getMailboxFailureRate" classname="Touchstone"/><testcase name="FSR425807bf2_ForceApiFailureRate_foldersFailureRate" classname="Touchstone"/><testcase name="FSR322243ne1_ForceApiLatency_getMailboxLatency" classname="Touchstone"/><testcase name="FSR501629sg3_ForceApiFailureRate_messagesFailureRate" classname="Touchstone"/><testcase name="FSR425807bf2_ForceApiFailureRate_modifyMessageFailureRate" classname="Touchstone"/><testcase name="FSR323060ne1_ForceApiFailureRate_flagSetFailureRate" classname="Touchstone"/><testcase name="FSR323060ne1_SysMemUsedPctLinux_sysMemoryPct" classname="Touchstone"/><testcase name="FSR401034bf1_ForceApiLatency_getMailboxLatency" classname="Touchstone"/><testcase name="FSR321483ne1_ForceApiFailureRate_getMailboxFailureRate" classname="Touchstone"/><testcase name="FSR426870bf2_ForceServerFullGCcount_fullGC" classname="Touchstone"/><testcase name="FSR322621ne1_ForceApiLatency_getMailboxLatency" classname="Touchstone"/><testcase name="FSR371402gq1_ForceApiFailureRate_flagSetFailureRate" classname="Touchstone"/><testcase name="FSR425807bf2_ForceApiLatency_getMailboxLatency" classname="Touchstone"/><testcase name="FSR322243ne1_ForceApiFailureRate_getFolderFailureRate" classname="Touchstone"/><testcase name="FSR426870bf2_ForceReplicationSizeOfLogQueue_replLogQueueSize" classname="Touchstone"/><testcase name="FSR425807bf2_ForceApiLatency_modifyMessageLatency" classname="Touchstone"/><testcase name="FSR322243ne1_ForceApiFailureRate_searchFailureRate" classname="Touchstone"/><testcase name="FSR426870bf2_ForceApiFailureRate_searchFailureRate" classname="Touchstone"/><testcase name="FSR323060ne1_ForceServerFullGCcount_fullGC" classname="Touchstone"/><testcase name="FSR322243ne1_ForceApiCount_listFolderApiCount" classname="Touchstone"/><testcase name="FSR426870bf2_ForceApiLatency_flagSetLatency" classname="Touchstone"/><testcase name="FSR321483ne1_ForceApiFailureRate_foldersFailureRate" classname="Touchstone"/><testcase name="FSR323060ne1_JettyFailureRate_jettyFailureRate" classname="Touchstone"/><testcase name="FSR426870bf2_SysMemUsedPctLinux_sysMemoryPct" classname="Touchstone"/><testcase name="FSR323060ne1_ForceApiLatency_getFolderLatency" classname="Touchstone"/><testcase name="FSR426870bf2_ForceApiLatency_messagesLatency" classname="Touchstone"/><testcase name="FSR371402gq1_ForceApiFailureRate_folderMessagesFailureRate" classname="Touchstone"/><testcase name="FSR401034bf1_ForceApiLatency_getFolderLatency" classname="Touchstone"/><testcase name="FSR401034bf1_ForceApiLatency_flagSetLatency" classname="Touchstone"/><testcase name="FSR501009sg3_ForceApiLatency_getMailboxLatency" classname="Touchstone"/><testcase name="FSR401034bf1_ForceApiLatency_foldersLatency" classname="Touchstone"/><testcase name="FSR426870bf2_ForceApiFailureRate_getFolderFailureRate" classname="Touchstone"/><testcase name="FSR426067bf2_ForceReplicationSizeOfLogQueue_replLogQueueSize" classname="Touchstone"/><testcase name="FSR451838ir2_SysMemUsedPctLinux_sysMemoryPct" classname="Touchstone"/><testcase name="FSR322243ne1_ForceApiLatency_flagSetLatency" classname="Touchstone"/><testcase name="FSR426870bf2_JettyFailureRate_jettyFailureRate" classname="Touchstone"/><testcase name="FSR401034bf1_ForceApiLatency_folderMessagesLatency" classname="Touchstone"/><testcase name="FSR427647bf2_ForceApiFailureRate_flagSetFailureRate" classname="Touchstone"/><testcase name="FSR371402gq1_ForceApiFailureRate_modifyMessageFailureRate" classname="Touchstone"/><testcase name="FSR501009sg3_ForceApiFailureRate_deleteMessageFailureRate" classname="Touchstone"/><testcase name="FSR321827ne1_ForceApiFailureRate_flagSetFailureRate" classname="Touchstone"/><testcase name="FSR426870bf2_ForceApiLatency_modifyMessageLatency" classname="Touchstone"/><testcase name="FSR427647bf2_ForceApiFailureRate_foldersFailureRate" classname="Touchstone"/><testcase name="FSR321827ne1_ForceApiCount_listFolderApiCount" classname="Touchstone"/><testcase name="FSR321483ne1_ForceApiFailureRate_folderMessagesFailureRate" classname="Touchstone"/><testcase name="FSR426870bf2_JettyLatency_jettyLatency" classname="Touchstone"/><testcase name="FSR321483ne1_SysCpuBusyPctLinux_sysCpuPct" classname="Touchstone"/><testcase name="FSR401034bf1_ForceApiLatency_messagesLatency" classname="Touchstone"/><testcase name="FSR427401bf2_ForceApiFailureRate_flagSetFailureRate" classname="Touchstone"/><testcase name="FSR401034bf1_ForceApiFailureRate_searchFailureRate" classname="Touchstone"/><testcase name="FSR371402gq1_ForceApiFailureRate_messagesFailureRate" classname="Touchstone"/><testcase name="FSR321827ne1_ForceApiLatency_modifyMessageLatency" classname="Touchstone"/><testcase name="FSR501009sg3_ForceApiFailureRate_flagSetFailureRate" classname="Touchstone"/><testcase name="FSR322243ne1_ForceApiLatency_foldersLatency" classname="Touchstone"/><testcase name="FSR426870bf2_ForceApiCount_listFolderApiCount" classname="Touchstone"/><testcase name="FSR426870bf2_ForceApiLatency_getMailboxLatency" classname="Touchstone"/><testcase name="FSR401034bf1_ForceApiFailureRate_getFolderFailureRate" classname="Touchstone"/><testcase name="FSR323060ne1_ForceApiFailureRate_deleteMessageFailureRate" classname="Touchstone"/><testcase name="FSR322243ne1_ForceApiLatency_messagesLatency" classname="Touchstone"/><testcase name="FSR323060ne1_ForceApiFailureRate_foldersFailureRate" classname="Touchstone"/><testcase name="FSR321827ne1_JettyLatency_jettyLatency" classname="Touchstone"/><testcase name="FSR323060ne1_ForceApiFailureRate_getMailboxFailureRate" classname="Touchstone"/><testcase name="FSR323060ne1_ForceApiLatency_getMailboxLatency" classname="Touchstone"/><testcase name="FSR323060ne1_ForceApiLatency_folderMessagesLatency" classname="Touchstone"/><testcase name="FSR321483ne1_ForceApiFailureRate_deleteMessageFailureRate" classname="Touchstone"/><testcase name="FSR426870bf2_ForceApiLatency_folderMessagesLatency" classname="Touchstone"/><testcase name="FSR322621ne1_SysCpuBusyPctLinux_sysCpuPct" classname="Touchstone"/><testcase name="FSR426870bf2_ForceApiLatency_foldersLatency" classname="Touchstone"/><testcase name="FSR501009sg3_JettyFailureRate_jettyFailureRate" classname="Touchstone"/><testcase name="FSR320873ne1_SysMemUsedPctLinux_sysMemoryPct" classname="Touchstone"/><testcase name="FSR451838ir2_JettyLatency_jettyLatency" classname="Touchstone"/><testcase name="FSR321827ne1_ForceApiFailureRate_searchFailureRate" classname="Touchstone"/><testcase name="FSR427647bf2_SysCpuBusyPctLinux_sysCpuPct" classname="Touchstone"/><testcase name="FSR322243ne1_ForceApiLatency_appendMessageLatency" classname="Touchstone"/><testcase name="FSR426870bf2_ForceApiFailureRate_flagSetFailureRate" classname="Touchstone"/><testcase name="FSR427401bf2_ForceApiFailureRate_appendMessageFailureRate" classname="Touchstone"/><testcase name="FSR323060ne1_ForceApiFailureRate_appendMessageFailureRate" classname="Touchstone"/><testcase name="FSR323060ne1_ForceApiFailureRate_folderMessagesFailureRate" classname="Touchstone"/><testcase name="FSR425807bf2_SysCpuBusyPctLinux_sysCpuPct" classname="Touchstone"/><testcase name="FSR426870bf2_ForceApiFailureRate_appendMessageFailureRate" classname="Touchstone"/><testcase name="FSR425807bf2_ForceApiFailureRate_messagesFailureRate" classname="Touchstone"/><testcase name="FSR401034bf1_ForceApiFailureRate_getMailboxFailureRate" classname="Touchstone"/><testcase name="FSR322243ne1_JettyFailureRate_jettyFailureRate" classname="Touchstone"/><testcase name="FSR427401bf2_ForceServerFullGCcount_fullGC" classname="Touchstone"/><testcase name="FSR320873ne1_ForceReplicationSizeOfLogQueue_replLogQueueSize" classname="Touchstone"/><testcase name="FSR323060ne1_ForceApiFailureRate_messagesFailureRate" classname="Touchstone"/><testcase name="FSR322243ne1_ForceApiLatency_folderMessagesLatency" classname="Touchstone"/><testcase name="FSR322243ne1_ForceApiFailureRate_flagSetFailureRate" classname="Touchstone"/><testcase name="FSR321827ne1_ForceApiLatency_messagesLatency" classname="Touchstone"/><testcase name="FSR401034bf1_JettyFailureRate_jettyFailureRate" classname="Touchstone"/><testcase name="FSR501009sg3_ForceApiFailureRate_appendMessageFailureRate" classname="Touchstone"/><testcase name="FSR501009sg3_ForceApiFailureRate_modifyMessageFailureRate" classname="Touchstone"/><testcase name="FSR501009sg3_SysCpuBusyPctLinux_sysCpuPct" classname="Touchstone"/><testcase name="FSR401034bf1_ForceApiFailureRate_modifyMessageFailureRate" classname="Touchstone"/><testcase name="FSR322243ne1_ForceApiFailureRate_appendMessageFailureRate" classname="Touchstone"/><testcase name="FSR427401bf2_ForceApiLatency_appendMessageLatency" classname="Touchstone"/><testcase name="FSR426870bf2_ForceApiLatency_appendMessageLatency" classname="Touchstone"/><testcase name="FSR426067bf2_ForceServerFullGCcount_fullGC" classname="Touchstone"/><testcase name="FSR401034bf1_ForceApiFailureRate_deleteMessageFailureRate" classname="Touchstone"/><testcase name="FSR427401bf2_SysMemUsedPctLinux_sysMemoryPct" classname="Touchstone"/><testcase name="FSR425807bf2_ForceApiFailureRate_folderMessagesFailureRate" classname="Touchstone"/><testcase name="FSR323060ne1_ForceApiFailureRate_searchFailureRate" classname="Touchstone"/><testcase name="FSR401034bf1_SysCpuBusyPctLinux_sysCpuPct" classname="Touchstone"/><testcase name="FSR401034bf1_ForceApiFailureRate_messagesFailureRate" classname="Touchstone"/><testcase name="FSR322243ne1_ForceServerFullGCcount_fullGC" classname="Touchstone"/><testcase name="FSR427401bf2_ForceApiLatency_folderMessagesLatency" classname="Touchstone"/><testcase name="FSR322243ne1_ForceApiFailureRate_messagesFailureRate" classname="Touchstone"/><testcase name="FSR427401bf2_ForceApiLatency_modifyMessageLatency" classname="Touchstone"/><testcase name="FSR321827ne1_ForceApiLatency_folderMessagesLatency" classname="Touchstone"/><testcase name="FSR451838ir2_ForceApiLatency_getMailboxLatency" classname="Touchstone"/><testcase name="FSR426067bf2_ForceApiCount_listFolderApiCount" classname="Touchstone"/><testcase name="FSR427401bf2_ForceApiLatency_getFolderLatency" classname="Touchstone"/><testcase name="FSR321827ne1_ForceApiFailureRate_getMailboxFailureRate" classname="Touchstone"/><testcase name="FSR401034bf1_ForceApiFailureRate_flagSetFailureRate" classname="Touchstone"/><testcase name="FSR426067bf2_ForceApiLatency_appendMessageLatency" classname="Touchstone"/><testcase name="FSR451838ir2_ForceApiCount_listFolderApiCount" classname="Touchstone"/><testcase name="FSR321827ne1_JettyFailureRate_jettyFailureRate" classname="Touchstone"/><testcase name="FSR320613ne1_ForceReplicationSizeOfLogQueue_replLogQueueSize" classname="Touchstone"/><testcase name="FSR322621ne1_ForceApiFailureRate_messagesFailureRate" classname="Touchstone"/><testcase name="FSR370818gq1_ForceApiLatency_foldersLatency" classname="Touchstone"/><testcase name="FSR321483ne1_ForceApiFailureRate_modifyMessageFailureRate" classname="Touchstone"/><testcase name="FSR321827ne1_ForceApiFailureRate_getFolderFailureRate" classname="Touchstone"/><testcase name="FSR426067bf2_ForceApiLatency_modifyMessageLatency" classname="Touchstone"/><testcase name="FSR427401bf2_JettyLatency_jettyLatency" classname="Touchstone"/><testcase name="FSR426067bf2_JettyLatency_jettyLatency" classname="Touchstone"/><testcase name="FSR371402gq1_SysCpuBusyPctLinux_sysCpuPct" classname="Touchstone"/><testcase name="FSR427401bf2_ForceApiFailureRate_getFolderFailureRate" classname="Touchstone"/><testcase name="FSR426067bf2_ForceApiLatency_flagSetLatency" classname="Touchstone"/><testcase name="FSR426067bf2_ForceApiLatency_folderMessagesLatency" classname="Touchstone"/><testcase name="FSR321827ne1_ForceApiLatency_getFolderLatency" classname="Touchstone"/><testcase name="FSR426067bf2_SysMemUsedPctLinux_sysMemoryPct" classname="Touchstone"/><testcase name="FSR426067bf2_ForceApiLatency_getMailboxLatency" classname="Touchstone"/><testcase name="FSR427401bf2_ForceApiLatency_getMailboxLatency" classname="Touchstone"/><testcase name="FSR426870bf2_SysCpuBusyPctLinux_sysCpuPct" classname="Touchstone"/><testcase name="FSR425807bf2_ForceApiFailureRate_deleteMessageFailureRate" classname="Touchstone"/><testcase name="FSR321827ne1_ForceApiFailureRate_modifyMessageFailureRate" classname="Touchstone"/><testcase name="FSR427401bf2_JettyFailureRate_jettyFailureRate" classname="Touchstone"/><testcase name="FSR321050ne1_ForceReplicationSizeOfLogQueue_replLogQueueSize" classname="Touchstone"/><testcase name="FSR401034bf1_ForceApiFailureRate_appendMessageFailureRate" classname="Touchstone"/><testcase name="FSR427401bf2_ForceApiLatency_messagesLatency" classname="Touchstone"/><testcase name="FSR427401bf2_ForceApiLatency_foldersLatency" classname="Touchstone"/><testcase name="FSR323060ne1_ForceApiFailureRate_modifyMessageFailureRate" classname="Touchstone"/><testcase name="FSR426067bf2_ForceApiFailureRate_searchFailureRate" classname="Touchstone"/><testcase name="FSR322243ne1_ForceApiFailureRate_deleteMessageFailureRate" classname="Touchstone"/><testcase name="FSR320873ne1_JettyLatency_jettyLatency" classname="Touchstone"/><testcase name="FSR501009sg3_ForceApiFailureRate_messagesFailureRate" classname="Touchstone"/><testcase name="FSR320873ne1_ForceApiLatency_messagesLatency" classname="Touchstone"/><testcase name="FSR321050ne1_SysMemUsedPctLinux_sysMemoryPct" classname="Touchstone"/><testcase name="FSR426067bf2_JettyFailureRate_jettyFailureRate" classname="Touchstone"/><testcase name="FSR426870bf2_ForceApiLatency_getFolderLatency" classname="Touchstone"/><testcase name="FSR321827ne1_ForceApiLatency_flagSetLatency" classname="Touchstone"/><testcase name="FSR451477ir2_ForceReplicationSizeOfLogQueue_replLogQueueSize" classname="Touchstone"/><testcase name="FSR321827ne1_ForceServerFullGCcount_fullGC" classname="Touchstone"/><testcase name="FSR322243ne1_ForceApiLatency_getFolderLatency" classname="Touchstone"/><testcase name="FSR451838ir2_ForceServerFullGCcount_fullGC" classname="Touchstone"/><testcase name="FSR320873ne1_ForceApiLatency_foldersLatency" classname="Touchstone"/><testcase name="FSR426067bf2_ForceApiFailureRate_getFolderFailureRate" classname="Touchstone"/><testcase name="FSR320873ne1_ForceApiLatency_modifyMessageLatency" classname="Touchstone"/><testcase name="FSR451838ir2_ForceApiLatency_getFolderLatency" classname="Touchstone"/><testcase name="FSR321827ne1_ForceApiFailureRate_folderMessagesFailureRate" classname="Touchstone"/><testcase name="FSR426067bf2_ForceApiLatency_getFolderLatency" classname="Touchstone"/><testcase name="FSR321827ne1_ForceApiLatency_foldersLatency" classname="Touchstone"/><testcase name="FSR426870bf2_ForceApiFailureRate_getMailboxFailureRate" classname="Touchstone"/><testcase name="FSR426067bf2_ForceApiFailureRate_appendMessageFailureRate" classname="Touchstone"/><testcase name="FSR427401bf2_ForceApiFailureRate_getMailboxFailureRate" classname="Touchstone"/><testcase name="FSR322621ne1_ForceApiFailureRate_deleteMessageFailureRate" classname="Touchstone"/><testcase name="FSR451838ir2_ForceApiLatency_messagesLatency" classname="Touchstone"/><testcase name="FSR370818gq1_SysMemUsedPctLinux_sysMemoryPct" classname="Touchstone"/><testcase name="FSR501009sg3_ForceApiLatency_getFolderLatency" classname="Touchstone"/><testcase name="FSR425634bf2_ForceReplicationSizeOfLogQueue_replLogQueueSize" classname="Touchstone"/><testcase name="FSR321827ne1_ForceApiFailureRate_deleteMessageFailureRate" classname="Touchstone"/><testcase name="FSR451477ir2_SysMemUsedPctLinux_sysMemoryPct" classname="Touchstone"/><testcase name="FSR370818gq1_ForceApiCount_listFolderApiCount" classname="Touchstone"/><testcase name="FSR451838ir2_JettyFailureRate_jettyFailureRate" classname="Touchstone"/><testcase name="FSR427226bf2_ForceReplicationSizeOfLogQueue_replLogQueueSize" classname="Touchstone"/><testcase name="FSR322243ne1_SysCpuBusyPctLinux_sysCpuPct" classname="Touchstone"/><testcase name="FSR370818gq1_ForceApiLatency_getFolderLatency" classname="Touchstone"/><testcase name="FSR320873ne1_ForceApiCount_listFolderApiCount" classname="Touchstone"/><testcase name="FSR451838ir2_ForceApiLatency_modifyMessageLatency" classname="Touchstone"/><testcase name="FSR426067bf2_ForceApiFailureRate_flagSetFailureRate" classname="Touchstone"/><testcase name="FSR321827ne1_ForceApiLatency_getMailboxLatency" classname="Touchstone"/><testcase name="FSR322243ne1_ForceApiFailureRate_foldersFailureRate" classname="Touchstone"/><testcase name="FSR427401bf2_ForceApiFailureRate_searchFailureRate" classname="Touchstone"/><testcase name="FSR371081gq1_SysMemUsedPctLinux_sysMemoryPct" classname="Touchstone"/><testcase name="FSR320613ne1_ForceApiCount_listFolderApiCount" classname="Touchstone"/><testcase name="FSR323060ne1_SysCpuBusyPctLinux_sysCpuPct" classname="Touchstone"/><testcase name="FSR370818gq1_JettyLatency_jettyLatency" classname="Touchstone"/><testcase name="FSR321827ne1_ForceApiFailureRate_messagesFailureRate" classname="Touchstone"/><testcase name="FSR321050ne1_JettyFailureRate_jettyFailureRate" classname="Touchstone"/><testcase name="FSR322243ne1_ForceApiFailureRate_modifyMessageFailureRate" classname="Touchstone"/><testcase name="FSR451477ir2_ForceApiLatency_getFolderLatency" classname="Touchstone"/><testcase name="FSR370818gq1_ForceApiLatency_modifyMessageLatency" classname="Touchstone"/><testcase name="FSR427226bf2_ForceApiCount_listFolderApiCount" classname="Touchstone"/><testcase name="FSR320873ne1_JettyFailureRate_jettyFailureRate" classname="Touchstone"/><testcase name="FSR370818gq1_JettyFailureRate_jettyFailureRate" classname="Touchstone"/><testcase name="FSR451477ir2_ForceServerFullGCcount_fullGC" classname="Touchstone"/><testcase name="FSR320613ne1_SysMemUsedPctLinux_sysMemoryPct" classname="Touchstone"/><testcase name="FSR426067bf2_ForceApiLatency_foldersLatency" classname="Touchstone"/><testcase name="FSR451838ir2_ForceApiLatency_appendMessageLatency" classname="Touchstone"/><testcase name="FSR427226bf2_SysMemUsedPctLinux_sysMemoryPct" classname="Touchstone"/><testcase name="FSR425634bf2_ForceServerFullGCcount_fullGC" classname="Touchstone"/><testcase name="FSR451477ir2_ForceApiFailureRate_getMailboxFailureRate" classname="Touchstone"/><testcase name="FSR321827ne1_ForceApiLatency_appendMessageLatency" classname="Touchstone"/><testcase name="FSR370818gq1_ForceApiFailureRate_appendMessageFailureRate" classname="Touchstone"/><testcase name="FSR321050ne1_ForceServerFullGCcount_fullGC" classname="Touchstone"/><testcase name="FSR371081gq1_ForceApiCount_listFolderApiCount" classname="Touchstone"/><testcase name="FSR320613ne1_JettyLatency_jettyLatency" classname="Touchstone"/><testcase name="FSR321050ne1_ForceApiLatency_getMailboxLatency" classname="Touchstone"/><testcase name="FSR425634bf2_ForceApiLatency_modifyMessageLatency" classname="Touchstone"/><testcase name="FSR320873ne1_ForceApiFailureRate_getFolderFailureRate" classname="Touchstone"/><testcase name="FSR321050ne1_ForceApiLatency_getFolderLatency" classname="Touchstone"/><testcase name="FSR320613ne1_ForceApiLatency_foldersLatency" classname="Touchstone"/><testcase name="FSR321050ne1_ForceApiLatency_folderMessagesLatency" classname="Touchstone"/><testcase name="FSR322243ne1_ForceApiFailureRate_getMailboxFailureRate" classname="Touchstone"/><testcase name="FSR321050ne1_ForceApiCount_listFolderApiCount" classname="Touchstone"/><testcase name="FSR426067bf2_ForceApiFailureRate_deleteMessageFailureRate" classname="Touchstone"/><testcase name="FSR370818gq1_ForceApiFailureRate_deleteMessageFailureRate" classname="Touchstone"/><testcase name="FSR426067bf2_ForceApiFailureRate_modifyMessageFailureRate" classname="Touchstone"/><testcase name="FSR321050ne1_JettyLatency_jettyLatency" classname="Touchstone"/><testcase name="FSR427401bf2_ForceApiLatency_flagSetLatency" classname="Touchstone"/><testcase name="FSR321827ne1_ForceApiFailureRate_appendMessageFailureRate" classname="Touchstone"/><testcase name="FSR321050ne1_ForceApiLatency_foldersLatency" classname="Touchstone"/><testcase name="FSR426067bf2_SysCpuBusyPctLinux_sysCpuPct" classname="Touchstone"/><testcase name="FSR320873ne1_ForceServerFullGCcount_fullGC" classname="Touchstone"/><testcase name="FSR320873ne1_ForceApiLatency_getFolderLatency" classname="Touchstone"/><testcase name="FSR370818gq1_ForceReplicationSizeOfLogQueue_replLogQueueSize" classname="Touchstone"/><testcase name="FSR425634bf2_SysMemUsedPctLinux_sysMemoryPct" classname="Touchstone"/><testcase name="FSR370818gq1_ForceServerFullGCcount_fullGC" classname="Touchstone"/><testcase name="FSR321050ne1_ForceApiLatency_appendMessageLatency" classname="Touchstone"/><testcase name="FSR451838ir2_ForceApiFailureRate_deleteMessageFailureRate" classname="Touchstone"/><testcase name="FSR451477ir2_ForceApiLatency_flagSetLatency" classname="Touchstone"/><testcase name="FSR451477ir2_ForceApiCount_listFolderApiCount" classname="Touchstone"/><testcase name="FSR370818gq1_ForceApiFailureRate_searchFailureRate" classname="Touchstone"/><testcase name="FSR451838ir2_ForceReplicationSizeOfLogQueue_replLogQueueSize" classname="Touchstone"/><testcase name="FSR427226bf2_ForceServerFullGCcount_fullGC" classname="Touchstone"/><testcase name="FSR426067bf2_ForceApiLatency_messagesLatency" classname="Touchstone"/><testcase name="FSR321050ne1_ForceApiLatency_flagSetLatency" classname="Touchstone"/><testcase name="FSR426870bf2_ForceApiFailureRate_deleteMessageFailureRate" classname="Touchstone"/><testcase name="FSR321050ne1_ForceApiLatency_modifyMessageLatency" classname="Touchstone"/><testcase name="FSR425634bf2_JettyLatency_jettyLatency" classname="Touchstone"/><testcase name="FSR451477ir2_ForceApiLatency_foldersLatency" classname="Touchstone"/><testcase name="FSR321827ne1_SysCpuBusyPctLinux_sysCpuPct" classname="Touchstone"/><testcase name="FSR451838ir2_ForceApiLatency_folderMessagesLatency" classname="Touchstone"/><testcase name="FSR451838ir2_ForceApiFailureRate_modifyMessageFailureRate" classname="Touchstone"/><testcase name="FSR320873ne1_ForceApiFailureRate_flagSetFailureRate" classname="Touchstone"/><testcase name="FSR401034bf1_ForceApiFailureRate_folderMessagesFailureRate" classname="Touchstone"/><testcase name="FSR321050ne1_ForceApiLatency_messagesLatency" classname="Touchstone"/><testcase name="FSR320613ne1_ForceApiLatency_appendMessageLatency" classname="Touchstone"/><testcase name="FSR320873ne1_ForceApiFailureRate_deleteMessageFailureRate" classname="Touchstone"/><testcase name="FSR427401bf2_ForceApiFailureRate_foldersFailureRate" classname="Touchstone"/><testcase name="FSR320873ne1_ForceApiFailureRate_searchFailureRate" classname="Touchstone"/><testcase name="FSR320613ne1_ForceApiLatency_modifyMessageLatency" classname="Touchstone"/><testcase name="FSR451838ir2_ForceApiLatency_foldersLatency" classname="Touchstone"/><testcase name="FSR370818gq1_ForceApiLatency_flagSetLatency" classname="Touchstone"/><testcase name="FSR320873ne1_ForceApiLatency_getMailboxLatency" classname="Touchstone"/><testcase name="FSR451838ir2_ForceApiFailureRate_flagSetFailureRate" classname="Touchstone"/><testcase name="FSR451838ir2_ForceApiFailureRate_messagesFailureRate" classname="Touchstone"/><testcase name="FSR427226bf2_ForceApiLatency_getFolderLatency" classname="Touchstone"/><testcase name="FSR501484sg3_SysMemUsedPctLinux_sysMemoryPct" classname="Touchstone"/><testcase name="FSR320613ne1_ForceServerFullGCcount_fullGC" classname="Touchstone"/><testcase name="FSR451477ir2_ForceApiLatency_appendMessageLatency" classname="Touchstone"/><testcase name="FSR320613ne1_ForceApiLatency_getFolderLatency" classname="Touchstone"/><testcase name="FSR451838ir2_ForceApiLatency_flagSetLatency" classname="Touchstone"/><testcase name="FSR451477ir2_ForceApiLatency_messagesLatency" classname="Touchstone"/><testcase name="FSR370818gq1_ForceApiLatency_getMailboxLatency" classname="Touchstone"/><testcase name="FSR426870bf2_ForceApiFailureRate_messagesFailureRate" classname="Touchstone"/><testcase name="FSR320873ne1_ForceApiLatency_flagSetLatency" classname="Touchstone"/><testcase name="FSR451838ir2_ForceApiFailureRate_getFolderFailureRate" classname="Touchstone"/><testcase name="FSR320613ne1_ForceApiLatency_folderMessagesLatency" classname="Touchstone"/><testcase name="FSR323670ne1_ForceApiCount_listFolderApiCount" classname="Touchstone"/><testcase name="FSR425634bf2_ForceApiLatency_flagSetLatency" classname="Touchstone"/><testcase name="FSR322243ne1_ForceApiFailureRate_folderMessagesFailureRate" classname="Touchstone"/><testcase name="FSR426067bf2_ForceApiFailureRate_folderMessagesFailureRate" classname="Touchstone"/><testcase name="FSR451838ir2_ForceApiFailureRate_folderMessagesFailureRate" classname="Touchstone"/><testcase name="FSR426067bf2_ForceApiFailureRate_getMailboxFailureRate" classname="Touchstone"/><testcase name="FSR427226bf2_ForceApiLatency_messagesLatency" classname="Touchstone"/><testcase name="FSR501484sg3_ForceReplicationSizeOfLogQueue_replLogQueueSize" classname="Touchstone"/><testcase name="FSR427401bf2_ForceApiFailureRate_deleteMessageFailureRate" classname="Touchstone"/><testcase name="FSR425634bf2_JettyFailureRate_jettyFailureRate" classname="Touchstone"/><testcase name="FSR425634bf2_ForceApiFailureRate_flagSetFailureRate" classname="Touchstone"/><testcase name="FSR427401bf2_ForceApiFailureRate_modifyMessageFailureRate" classname="Touchstone"/><testcase name="FSR371081gq1_JettyLatency_jettyLatency" classname="Touchstone"/><testcase name="FSR451838ir2_ForceApiFailureRate_searchFailureRate" classname="Touchstone"/><testcase name="FSR426870bf2_ForceApiFailureRate_foldersFailureRate" classname="Touchstone"/><testcase name="FSR451477ir2_ForceApiFailureRate_flagSetFailureRate" classname="Touchstone"/><testcase name="FSR427226bf2_ForceApiLatency_flagSetLatency" classname="Touchstone"/><testcase name="FSR322802ne1_JettyLatency_jettyLatency" classname="Touchstone"/><testcase name="FSR371081gq1_ForceReplicationSizeOfLogQueue_replLogQueueSize" classname="Touchstone"/><testcase name="FSR321827ne1_ForceApiFailureRate_foldersFailureRate" classname="Touchstone"/><testcase name="FSR370818gq1_ForceApiFailureRate_flagSetFailureRate" classname="Touchstone"/><testcase name="FSR451838ir2_ForceApiFailureRate_appendMessageFailureRate" classname="Touchstone"/><testcase name="FSR426067bf2_ForceApiFailureRate_foldersFailureRate" classname="Touchstone"/><testcase name="FSR370818gq1_ForceApiLatency_appendMessageLatency" classname="Touchstone"/><testcase name="FSR425476bf2_SysMemUsedPctLinux_sysMemoryPct" classname="Touchstone"/><testcase name="FSR322802ne1_ForceApiCount_listFolderApiCount" classname="Touchstone"/><testcase name="FSR323670ne1_ForceServerFullGCcount_fullGC" classname="Touchstone"/><testcase name="FSR321050ne1_ForceApiFailureRate_modifyMessageFailureRate" classname="Touchstone"/><testcase name="FSR320873ne1_ForceApiFailureRate_getMailboxFailureRate" classname="Touchstone"/><testcase name="FSR451477ir2_JettyLatency_jettyLatency" classname="Touchstone"/><testcase name="FSR371081gq1_ForceServerFullGCcount_fullGC" classname="Touchstone"/><testcase name="FSR321050ne1_ForceApiFailureRate_appendMessageFailureRate" classname="Touchstone"/><testcase name="FSR320873ne1_ForceApiLatency_appendMessageLatency" classname="Touchstone"/><testcase name="FSR425634bf2_ForceApiCount_listFolderApiCount" classname="Touchstone"/><testcase name="FSR321050ne1_ForceApiFailureRate_searchFailureRate" classname="Touchstone"/><testcase name="FSR323670ne1_SysMemUsedPctLinux_sysMemoryPct" classname="Touchstone"/><testcase name="FSR451477ir2_ForceApiFailureRate_searchFailureRate" classname="Touchstone"/><testcase name="FSR426870bf2_ForceApiFailureRate_modifyMessageFailureRate" classname="Touchstone"/><testcase name="FSR451477ir2_SysCpuBusyPctLinux_sysCpuPct" classname="Touchstone"/><testcase name="FSR427226bf2_ForceApiLatency_foldersLatency" classname="Touchstone"/><testcase name="FSR321050ne1_ForceApiFailureRate_getFolderFailureRate" classname="Touchstone"/><testcase name="FSR321050ne1_ForceApiFailureRate_messagesFailureRate" classname="Touchstone"/><testcase name="FSR370818gq1_ForceApiLatency_folderMessagesLatency" classname="Touchstone"/><testcase name="FSR451838ir2_ForceApiFailureRate_getMailboxFailureRate" classname="Touchstone"/><testcase name="FSR320613ne1_ForceApiLatency_flagSetLatency" classname="Touchstone"/><testcase name="FSR425634bf2_ForceApiLatency_foldersLatency" classname="Touchstone"/><testcase name="FSR320613ne1_JettyFailureRate_jettyFailureRate" classname="Touchstone"/><testcase name="FSR320873ne1_ForceApiFailureRate_appendMessageFailureRate" classname="Touchstone"/><testcase name="FSR322802ne1_ForceApiLatency_getMailboxLatency" classname="Touchstone"/><testcase name="FSR426067bf2_ForceApiFailureRate_messagesFailureRate" classname="Touchstone"/><testcase name="FSR323670ne1_JettyLatency_jettyLatency" classname="Touchstone"/><testcase name="FSR451838ir2_SysCpuBusyPctLinux_sysCpuPct" classname="Touchstone"/><testcase name="FSR320613ne1_ForceApiLatency_getMailboxLatency" classname="Touchstone"/><testcase name="FSR501484sg3_ForceApiLatency_appendMessageLatency" classname="Touchstone"/><testcase name="FSR451477ir2_ForceApiLatency_folderMessagesLatency" classname="Touchstone"/><testcase name="FSR370818gq1_ForceApiLatency_messagesLatency" classname="Touchstone"/><testcase name="FSR321050ne1_ForceApiFailureRate_getMailboxFailureRate" classname="Touchstone"/><testcase name="FSR427401bf2_ForceApiFailureRate_messagesFailureRate" classname="Touchstone"/><testcase name="FSR320873ne1_ForceApiLatency_folderMessagesLatency" classname="Touchstone"/><testcase name="FSR322802ne1_ForceReplicationSizeOfLogQueue_replLogQueueSize" classname="Touchstone"/><testcase name="FSR371081gq1_ForceApiLatency_appendMessageLatency" classname="Touchstone"/><testcase name="FSR320873ne1_ForceApiFailureRate_foldersFailureRate" classname="Touchstone"/><testcase name="FSR371081gq1_ForceApiLatency_getFolderLatency" classname="Touchstone"/><testcase name="FSR425634bf2_ForceApiLatency_appendMessageLatency" classname="Touchstone"/><testcase name="FSR371081gq1_ForceApiLatency_flagSetLatency" classname="Touchstone"/><testcase name="FSR451477ir2_ForceApiFailureRate_folderMessagesFailureRate" classname="Touchstone"/><testcase name="FSR371081gq1_ForceApiLatency_foldersLatency" classname="Touchstone"/><testcase name="FSR323670ne1_ForceApiLatency_getMailboxLatency" classname="Touchstone"/><testcase name="FSR427226bf2_ForceApiLatency_modifyMessageLatency" classname="Touchstone"/><testcase name="FSR371081gq1_JettyFailureRate_jettyFailureRate" classname="Touchstone"/><testcase name="FSR322802ne1_ForceApiLatency_foldersLatency" classname="Touchstone"/><testcase name="FSR451477ir2_ForceApiLatency_getMailboxLatency" classname="Touchstone"/><testcase name="FSR501484sg3_ForceApiLatency_modifyMessageLatency" classname="Touchstone"/><testcase name="FSR322802ne1_JettyFailureRate_jettyFailureRate" classname="Touchstone"/><testcase name="FSR322802ne1_SysMemUsedPctLinux_sysMemoryPct" classname="Touchstone"/><testcase name="FSR427226bf2_ForceApiLatency_getMailboxLatency" classname="Touchstone"/><testcase name="FSR427226bf2_JettyLatency_jettyLatency" classname="Touchstone"/><testcase name="FSR501484sg3_ForceApiCount_listFolderApiCount" classname="Touchstone"/><testcase name="FSR323670ne1_ForceReplicationSizeOfLogQueue_replLogQueueSize" classname="Touchstone"/><testcase name="FSR320613ne1_ForceApiLatency_messagesLatency" classname="Touchstone"/><testcase name="FSR425634bf2_ForceApiLatency_getMailboxLatency" classname="Touchstone"/><testcase name="FSR323245ne1_ForceReplicationSizeOfLogQueue_replLogQueueSize" classname="Touchstone"/><testcase name="FSR427226bf2_ForceApiFailureRate_appendMessageFailureRate" classname="Touchstone"/><testcase name="FSR321050ne1_ForceApiFailureRate_folderMessagesFailureRate" classname="Touchstone"/><testcase name="FSR320613ne1_ForceApiFailureRate_getFolderFailureRate" classname="Touchstone"/><testcase name="FSR427226bf2_ForceApiFailureRate_foldersFailureRate" classname="Touchstone"/><testcase name="FSR323670ne1_ForceApiLatency_foldersLatency" classname="Touchstone"/><testcase name="FSR425476bf2_ForceReplicationSizeOfLogQueue_replLogQueueSize" classname="Touchstone"/><testcase name="FSR370818gq1_ForceApiFailureRate_getFolderFailureRate" classname="Touchstone"/><testcase name="FSR323245ne1_ForceApiCount_listFolderApiCount" classname="Touchstone"/><testcase name="FSR425634bf2_ForceApiFailureRate_foldersFailureRate" classname="Touchstone"/><testcase name="FSR425634bf2_ForceApiLatency_folderMessagesLatency" classname="Touchstone"/><testcase name="FSR425634bf2_ForceApiLatency_getFolderLatency" classname="Touchstone"/><testcase name="FSR425634bf2_ForceApiFailureRate_searchFailureRate" classname="Touchstone"/><testcase name="FSR451477ir2_ForceApiFailureRate_appendMessageFailureRate" classname="Touchstone"/><testcase name="FSR501484sg3_ForceApiLatency_messagesLatency" classname="Touchstone"/><testcase name="FSR451477ir2_ForceApiLatency_modifyMessageLatency" classname="Touchstone"/><testcase name="FSR323245ne1_ForceApiLatency_foldersLatency" classname="Touchstone"/><testcase name="FSR451477ir2_ForceApiFailureRate_modifyMessageFailureRate" classname="Touchstone"/><testcase name="FSR401805bf1_ForceApiCount_listFolderApiCount" classname="Touchstone"/><testcase name="FSR322802ne1_ForceApiLatency_getFolderLatency" classname="Touchstone"/><testcase name="FSR322802ne1_ForceServerFullGCcount_fullGC" classname="Touchstone"/><testcase name="FSR451477ir2_JettyFailureRate_jettyFailureRate" classname="Touchstone"/><testcase name="FSR427401bf2_SysCpuBusyPctLinux_sysCpuPct" classname="Touchstone"/><testcase name="FSR371081gq1_ForceApiLatency_modifyMessageLatency" classname="Touchstone"/><testcase name="FSR322802ne1_ForceApiLatency_messagesLatency" classname="Touchstone"/><testcase name="FSR370818gq1_ForceApiFailureRate_messagesFailureRate" classname="Touchstone"/><testcase name="FSR370818gq1_ForceApiFailureRate_modifyMessageFailureRate" classname="Touchstone"/><testcase name="FSR371081gq1_ForceApiLatency_messagesLatency" classname="Touchstone"/><testcase name="FSR321050ne1_SysCpuBusyPctLinux_sysCpuPct" classname="Touchstone"/><testcase name="FSR427226bf2_ForceApiLatency_appendMessageLatency" classname="Touchstone"/><testcase name="FSR427226bf2_ForceApiFailureRate_flagSetFailureRate" classname="Touchstone"/><testcase name="FSR323245ne1_SysMemUsedPctLinux_sysMemoryPct" classname="Touchstone"/><testcase name="FSR320873ne1_ForceApiFailureRate_folderMessagesFailureRate" classname="Touchstone"/><testcase name="FSR370818gq1_ForceApiFailureRate_folderMessagesFailureRate" classname="Touchstone"/><testcase name="FSR427226bf2_ForceApiFailureRate_getMailboxFailureRate" classname="Touchstone"/><testcase name="FSR425476bf2_ForceApiCount_listFolderApiCount" classname="Touchstone"/><testcase name="FSR371081gq1_ForceApiLatency_getMailboxLatency" classname="Touchstone"/><testcase name="FSR320613ne1_ForceApiFailureRate_searchFailureRate" classname="Touchstone"/><testcase name="FSR371081gq1_ForceApiFailureRate_searchFailureRate" classname="Touchstone"/><testcase name="FSR321050ne1_ForceApiFailureRate_deleteMessageFailureRate" classname="Touchstone"/><testcase name="FSR320873ne1_SysCpuBusyPctLinux_sysCpuPct" classname="Touchstone"/><testcase name="FSR427401bf2_ForceApiFailureRate_folderMessagesFailureRate" classname="Touchstone"/><testcase name="FSR371081gq1_ForceApiFailureRate_flagSetFailureRate" classname="Touchstone"/><testcase name="FSR321050ne1_ForceApiFailureRate_flagSetFailureRate" classname="Touchstone"/><testcase name="FSR322802ne1_ForceApiFailureRate_searchFailureRate" classname="Touchstone"/><testcase name="FSR323670ne1_ForceApiLatency_appendMessageLatency" classname="Touchstone"/><testcase name="FSR320873ne1_ForceApiFailureRate_modifyMessageFailureRate" classname="Touchstone"/><testcase name="FSR320873ne1_ForceApiFailureRate_messagesFailureRate" classname="Touchstone"/><testcase name="FSR323670ne1_ForceApiFailureRate_getFolderFailureRate" classname="Touchstone"/><testcase name="FSR370818gq1_ForceApiFailureRate_getMailboxFailureRate" classname="Touchstone"/><testcase name="FSR501484sg3_ForceApiLatency_folderMessagesLatency" classname="Touchstone"/><testcase name="FSR425634bf2_ForceApiLatency_messagesLatency" classname="Touchstone"/><testcase name="FSR320613ne1_ForceApiFailureRate_flagSetFailureRate" classname="Touchstone"/><testcase name="FSR322802ne1_ForceApiLatency_appendMessageLatency" classname="Touchstone"/><testcase name="FSR323483ne1_SysMemUsedPctLinux_sysMemoryPct" classname="Touchstone"/><testcase name="FSR427226bf2_ForceApiLatency_folderMessagesLatency" classname="Touchstone"/><testcase name="FSR320613ne1_ForceApiFailureRate_appendMessageFailureRate" classname="Touchstone"/><testcase name="FSR322802ne1_ForceApiLatency_modifyMessageLatency" classname="Touchstone"/><testcase name="FSR320613ne1_ForceApiFailureRate_foldersFailureRate" classname="Touchstone"/><testcase name="FSR370818gq1_SysCpuBusyPctLinux_sysCpuPct" classname="Touchstone"/><testcase name="FSR451477ir2_ForceApiFailureRate_messagesFailureRate" classname="Touchstone"/><testcase name="FSR323670ne1_ForceApiFailureRate_flagSetFailureRate" classname="Touchstone"/><testcase name="FSR322802ne1_ForceApiFailureRate_getFolderFailureRate" classname="Touchstone"/><testcase name="FSR501484sg3_ForceApiLatency_getFolderLatency" classname="Touchstone"/><testcase name="FSR320613ne1_ForceApiFailureRate_folderMessagesFailureRate" classname="Touchstone"/><testcase name="FSR401805bf1_ForceReplicationSizeOfLogQueue_replLogQueueSize" classname="Touchstone"/><testcase name="FSR451477ir2_ForceApiFailureRate_foldersFailureRate" classname="Touchstone"/><testcase name="FSR323670ne1_ForceApiLatency_flagSetLatency" classname="Touchstone"/><testcase name="FSR451838ir2_ForceApiFailureRate_foldersFailureRate" classname="Touchstone"/><testcase name="FSR401805bf1_SysMemUsedPctLinux_sysMemoryPct" classname="Touchstone"/><testcase name="FSR323670ne1_ForceApiFailureRate_searchFailureRate" classname="Touchstone"/><testcase name="FSR451477ir2_ForceApiFailureRate_deleteMessageFailureRate" classname="Touchstone"/><testcase name="FSR451477ir2_ForceApiFailureRate_getFolderFailureRate" classname="Touchstone"/><testcase name="FSR323670ne1_ForceApiLatency_folderMessagesLatency" classname="Touchstone"/><testcase name="FSR425634bf2_ForceApiFailureRate_deleteMessageFailureRate" classname="Touchstone"/><testcase name="FSR323483ne1_ForceReplicationSizeOfLogQueue_replLogQueueSize" classname="Touchstone"/><testcase name="FSR323483ne1_ForceApiLatency_messagesLatency" classname="Touchstone"/><testcase name="FSR323245ne1_JettyLatency_jettyLatency" classname="Touchstone"/><testcase name="FSR425476bf2_ForceApiFailureRate_flagSetFailureRate" classname="Touchstone"/><testcase name="FSR501484sg3_ForceApiLatency_getMailboxLatency" classname="Touchstone"/><testcase name="FSR370818gq1_ForceApiFailureRate_foldersFailureRate" classname="Touchstone"/><testcase name="FSR323670ne1_ForceApiFailureRate_getMailboxFailureRate" classname="Touchstone"/><testcase name="FSR322802ne1_ForceApiFailureRate_appendMessageFailureRate" classname="Touchstone"/><testcase name="FSR322047ne1_SysMemUsedPctLinux_sysMemoryPct" classname="Touchstone"/><testcase name="FSR425476bf2_ForceServerFullGCcount_fullGC" classname="Touchstone"/><testcase name="FSR425476bf2_ForceApiFailureRate_getFolderFailureRate" classname="Touchstone"/><testcase name="FSR501484sg3_ForceApiLatency_foldersLatency" classname="Touchstone"/><testcase name="FSR427226bf2_JettyFailureRate_jettyFailureRate" classname="Touchstone"/><testcase name="FSR501484sg3_ForceApiFailureRate_foldersFailureRate" classname="Touchstone"/><testcase name="FSR401204bf1_ForceReplicationSizeOfLogQueue_replLogQueueSize" classname="Touchstone"/><testcase name="FSR425476bf2_ForceApiLatency_appendMessageLatency" classname="Touchstone"/><testcase name="FSR321050ne1_ForceApiFailureRate_foldersFailureRate" classname="Touchstone"/><testcase name="FSR425476bf2_ForceApiLatency_getFolderLatency" classname="Touchstone"/><testcase name="FSR401805bf1_ForceApiLatency_folderMessagesLatency" classname="Touchstone"/><testcase name="FSR323670ne1_ForceApiFailureRate_appendMessageFailureRate" classname="Touchstone"/><testcase name="FSR501484sg3_ForceApiFailureRate_getFolderFailureRate" classname="Touchstone"/><testcase name="FSR323670ne1_ForceApiLatency_getFolderLatency" classname="Touchstone"/><testcase name="FSR323245ne1_ForceApiLatency_appendMessageLatency" classname="Touchstone"/><testcase name="FSR371081gq1_ForceApiFailureRate_messagesFailureRate" classname="Touchstone"/><testcase name="FSR323802ne1_SysMemUsedPctLinux_sysMemoryPct" classname="Touchstone"/><testcase name="FSR320613ne1_SysCpuBusyPctLinux_sysCpuPct" classname="Touchstone"/><testcase name="FSR425476bf2_ForceApiFailureRate_searchFailureRate" classname="Touchstone"/><testcase name="FSR322802ne1_ForceApiFailureRate_modifyMessageFailureRate" classname="Touchstone"/><testcase name="FSR371081gq1_ForceApiFailureRate_getMailboxFailureRate" classname="Touchstone"/><testcase name="FSR401805bf1_ForceServerFullGCcount_fullGC" classname="Touchstone"/><testcase name="FSR501484sg3_ForceApiFailureRate_appendMessageFailureRate" classname="Touchstone"/><testcase name="FSR427226bf2_ForceApiFailureRate_getFolderFailureRate" classname="Touchstone"/><testcase name="FSR425634bf2_ForceApiFailureRate_appendMessageFailureRate" classname="Touchstone"/><testcase name="FSR425634bf2_ForceApiFailureRate_messagesFailureRate" classname="Touchstone"/><testcase name="FSR427226bf2_ForceApiFailureRate_searchFailureRate" classname="Touchstone"/><testcase name="FSR320613ne1_ForceApiFailureRate_modifyMessageFailureRate" classname="Touchstone"/><testcase name="FSR322802ne1_ForceApiFailureRate_foldersFailureRate" classname="Touchstone"/><testcase name="FSR425476bf2_ForceApiLatency_flagSetLatency" classname="Touchstone"/><testcase name="FSR323670ne1_SysCpuBusyPctLinux_sysCpuPct" classname="Touchstone"/><testcase name="FSR371081gq1_SysCpuBusyPctLinux_sysCpuPct" classname="Touchstone"/><testcase name="FSR401805bf1_ForceApiLatency_modifyMessageLatency" classname="Touchstone"/><testcase name="FSR322802ne1_ForceApiFailureRate_getMailboxFailureRate" classname="Touchstone"/><testcase name="FSR322802ne1_ForceApiFailureRate_flagSetFailureRate" classname="Touchstone"/><testcase name="FSR323670ne1_ForceApiLatency_messagesLatency" classname="Touchstone"/><testcase name="FSR425476bf2_ForceApiLatency_foldersLatency" classname="Touchstone"/><testcase name="FSR322802ne1_ForceApiLatency_flagSetLatency" classname="Touchstone"/><testcase name="FSR451673ir2_ForceReplicationSizeOfLogQueue_replLogQueueSize" classname="Touchstone"/><testcase name="FSR501484sg3_JettyLatency_jettyLatency" classname="Touchstone"/><testcase name="FSR501484sg3_JettyFailureRate_jettyFailureRate" classname="Touchstone"/><testcase name="FSR425634bf2_ForceApiFailureRate_getMailboxFailureRate" classname="Touchstone"/><testcase name="FSR425634bf2_ForceApiFailureRate_modifyMessageFailureRate" classname="Touchstone"/><testcase name="FSR427226bf2_ForceApiFailureRate_deleteMessageFailureRate" classname="Touchstone"/><testcase name="FSR426870bf2_ForceApiFailureRate_folderMessagesFailureRate" classname="Touchstone"/><testcase name="FSR322802ne1_ForceApiFailureRate_deleteMessageFailureRate" classname="Touchstone"/><testcase name="FSR371081gq1_ForceApiFailureRate_getFolderFailureRate" classname="Touchstone"/><testcase name="FSR425476bf2_ForceApiFailureRate_appendMessageFailureRate" classname="Touchstone"/><testcase name="FSR427226bf2_ForceApiFailureRate_modifyMessageFailureRate" classname="Touchstone"/><testcase name="FSR425476bf2_ForceApiLatency_modifyMessageLatency" classname="Touchstone"/><testcase name="FSR323483ne1_ForceApiLatency_foldersLatency" classname="Touchstone"/><testcase name="FSR323670ne1_JettyFailureRate_jettyFailureRate" classname="Touchstone"/><testcase name="FSR323245ne1_ForceApiLatency_getMailboxLatency" classname="Touchstone"/><testcase name="FSR425476bf2_ForceApiLatency_messagesLatency" classname="Touchstone"/><testcase name="FSR323483ne1_ForceApiLatency_folderMessagesLatency" classname="Touchstone"/><testcase name="FSR501484sg3_ForceApiFailureRate_folderMessagesFailureRate" classname="Touchstone"/><testcase name="FSR425476bf2_ForceApiLatency_getMailboxLatency" classname="Touchstone"/><testcase name="FSR320613ne1_ForceApiFailureRate_getMailboxFailureRate" classname="Touchstone"/><testcase name="FSR425634bf2_SysCpuBusyPctL
[...]
dersFailureRate" classname="Touchstone"/><testcase name="FSR501265sg3_ForceApiLatency_modifyMessageLatency" classname="Touchstone"/><testcase name="FSR401204bf1_ForceApiFailureRate_appendMessageFailureRate" classname="Touchstone"/><testcase name="FSR401204bf1_ForceApiFailureRate_messagesFailureRate" classname="Touchstone"/><testcase name="FSR322047ne1_ForceApiFailureRate_foldersFailureRate" classname="Touchstone"/><testcase name="FSR370447gq1_ForceApiLatency_modifyMessageLatency" classname="Touchstone"/><testcase name="FSR320467ne1_JettyFailureRate_jettyFailureRate" classname="Touchstone"/><testcase name="FSR401664bf1_SysCpuBusyPctLinux_sysCpuPct" classname="Touchstone"/><testcase name="FSR401664bf1_ForceApiFailureRate_appendMessageFailureRate" classname="Touchstone"/><testcase name="FSR501265sg3_ForceApiLatency_foldersLatency" classname="Touchstone"/><testcase name="FSR401204bf1_ForceApiCount_listFolderApiCount" classname="Touchstone"/><testcase name="FSR322484ne1_ForceApiFailureRate_appendMessageFailureRate" classname="Touchstone"/><testcase name="FSR322047ne1_ForceApiFailureRate_getMailboxFailureRate" classname="Touchstone"/><testcase name="FSR501265sg3_ForceServerFullGCcount_fullGC" classname="Touchstone"/><testcase name="FSR501265sg3_ForceApiLatency_folderMessagesLatency" classname="Touchstone"/><testcase name="FSR320467ne1_ForceApiFailureRate_appendMessageFailureRate" classname="Touchstone"/><testcase name="FSR451673ir2_ForceApiFailureRate_folderMessagesFailureRate" classname="Touchstone"/><testcase name="FSR401204bf1_ForceApiFailureRate_folderMessagesFailureRate" classname="Touchstone"/><testcase name="FSR322484ne1_ForceApiLatency_foldersLatency" classname="Touchstone"/><testcase name="FSR322047ne1_ForceApiFailureRate_modifyMessageFailureRate" classname="Touchstone"/><testcase name="FSR501265sg3_ForceApiLatency_appendMessageLatency" classname="Touchstone"/><testcase name="FSR401204bf1_ForceApiFailureRate_deleteMessageFailureRate" classname="Touchstone"/><testcase name="FSR320467ne1_ForceApiFailureRate_messagesFailureRate" classname="Touchstone"/><testcase name="FSR451673ir2_ForceApiFailureRate_getMailboxFailureRate" classname="Touchstone"/><testcase name="FSR370447gq1_ForceApiFailureRate_folderMessagesFailureRate" classname="Touchstone"/><testcase name="FSR324004ne1_ForceApiFailureRate_getFolderFailureRate" classname="Touchstone"/><testcase name="FSR401664bf1_ForceApiFailureRate_getMailboxFailureRate" classname="Touchstone"/><testcase name="FSR451673ir2_JettyFailureRate_jettyFailureRate" classname="Touchstone"/><testcase name="FSR501265sg3_ForceApiFailureRate_appendMessageFailureRate" classname="Touchstone"/><testcase name="FSR451673ir2_ForceApiFailureRate_messagesFailureRate" classname="Touchstone"/><testcase name="FSR501265sg3_ForceApiLatency_getMailboxLatency" classname="Touchstone"/><testcase name="FSR370447gq1_ForceApiFailureRate_deleteMessageFailureRate" classname="Touchstone"/><testcase name="FSR322484ne1_ForceApiFailureRate_foldersFailureRate" classname="Touchstone"/><testcase name="FSR322047ne1_ForceApiFailureRate_folderMessagesFailureRate" classname="Touchstone"/><testcase name="FSR401664bf1_ForceApiFailureRate_modifyMessageFailureRate" classname="Touchstone"/><testcase name="FSR501265sg3_ForceApiFailureRate_folderMessagesFailureRate" classname="Touchstone"/><testcase name="FSR323802ne1_ForceApiFailureRate_folderMessagesFailureRate" classname="Touchstone"/><testcase name="FSR451673ir2_SysCpuBusyPctLinux_sysCpuPct" classname="Touchstone"/><testcase name="FSR501265sg3_ForceApiLatency_getFolderLatency" classname="Touchstone"/><testcase name="FSR401664bf1_ForceApiFailureRate_folderMessagesFailureRate" classname="Touchstone"/><testcase name="FSR401204bf1_ForceApiFailureRate_flagSetFailureRate" classname="Touchstone"/><testcase name="FSR322484ne1_SysCpuBusyPctLinux_sysCpuPct" classname="Touchstone"/><testcase name="FSR451673ir2_ForceApiFailureRate_flagSetFailureRate" classname="Touchstone"/><testcase name="FSR323802ne1_ForceApiFailureRate_foldersFailureRate" classname="Touchstone"/><testcase name="FSR401664bf1_ForceApiFailureRate_flagSetFailureRate" classname="Touchstone"/><testcase name="FSR370447gq1_ForceApiLatency_appendMessageLatency" classname="Touchstone"/><testcase name="FSR501265sg3_ForceApiFailureRate_foldersFailureRate" classname="Touchstone"/><testcase name="FSR324004ne1_SysCpuBusyPctLinux_sysCpuPct" classname="Touchstone"/><testcase name="FSR370447gq1_ForceApiFailureRate_appendMessageFailureRate" classname="Touchstone"/><testcase name="FSR401664bf1_ForceApiFailureRate_getFolderFailureRate" classname="Touchstone"/><testcase name="FSR324004ne1_ForceApiFailureRate_appendMessageFailureRate" classname="Touchstone"/><testcase name="FSR324004ne1_ForceApiFailureRate_deleteMessageFailureRate" classname="Touchstone"/><testcase name="FSR324004ne1_ForceApiFailureRate_folderMessagesFailureRate" classname="Touchstone"/><testcase name="FSR323802ne1_ForceApiFailureRate_deleteMessageFailureRate" classname="Touchstone"/><testcase name="FSR322047ne1_ForceApiFailureRate_deleteMessageFailureRate" classname="Touchstone"/><testcase name="FSR451673ir2_ForceApiFailureRate_deleteMessageFailureRate" classname="Touchstone"/><testcase name="FSR323802ne1_ForceApiFailureRate_modifyMessageFailureRate" classname="Touchstone"/><testcase name="FSR501265sg3_ForceApiFailureRate_modifyMessageFailureRate" classname="Touchstone"/><testcase name="FSR401204bf1_ForceApiFailureRate_modifyMessageFailureRate" classname="Touchstone"/><testcase name="FSR501265sg3_ForceApiFailureRate_getFolderFailureRate" classname="Touchstone"/><testcase name="FSR370447gq1_ForceApiFailureRate_flagSetFailureRate" classname="Touchstone"/><testcase name="FSR324004ne1_ForceApiFailureRate_messagesFailureRate" classname="Touchstone"/><testcase name="FSR401664bf1_ForceApiFailureRate_messagesFailureRate" classname="Touchstone"/><testcase name="FSR320467ne1_ForceApiFailureRate_flagSetFailureRate" classname="Touchstone"/><testcase name="FSR320467ne1_ForceApiLatency_folderMessagesLatency" classname="Touchstone"/><testcase name="FSR401664bf1_ForceApiFailureRate_searchFailureRate" classname="Touchstone"/><testcase name="FSR324004ne1_ForceApiFailureRate_searchFailureRate" classname="Touchstone"/><testcase name="FSR401204bf1_ForceApiFailureRate_getMailboxFailureRate" classname="Touchstone"/><testcase name="FSR370447gq1_ForceApiFailureRate_searchFailureRate" classname="Touchstone"/><testcase name="FSR322047ne1_ForceApiFailureRate_searchFailureRate" classname="Touchstone"/><testcase name="FSR320467ne1_ForceApiFailureRate_searchFailureRate" classname="Touchstone"/><testcase name="FSR322484ne1_ForceApiFailureRate_searchFailureRate" classname="Touchstone"/><testcase name="FSR370447gq1_ForceApiFailureRate_getMailboxFailureRate" classname="Touchstone"/><testcase name="FSR320467ne1_ForceApiFailureRate_foldersFailureRate" classname="Touchstone"/><testcase name="FSR370447gq1_ForceApiFailureRate_foldersFailureRate" classname="Touchstone"/><testcase name="FSR320467ne1_ForceApiFailureRate_deleteMessageFailureRate" classname="Touchstone"/><testcase name="FSR501265sg3_ForceApiFailureRate_deleteMessageFailureRate" classname="Touchstone"/><testcase name="FSR451673ir2_ForceApiFailureRate_foldersFailureRate" classname="Touchstone"/><testcase name="FSR320467ne1_ForceApiFailureRate_folderMessagesFailureRate" classname="Touchstone"/><testcase name="FSR370447gq1_ForceApiFailureRate_messagesFailureRate" classname="Touchstone"/><testcase name="FSR320467ne1_ForceApiFailureRate_modifyMessageFailureRate" classname="Touchstone"/><testcase name="FSR324004ne1_ForceApiFailureRate_flagSetFailureRate" classname="Touchstone"/><testcase name="FSR320467ne1_ForceApiFailureRate_getFolderFailureRate" classname="Touchstone"/><testcase name="FSR324004ne1_ForceApiFailureRate_modifyMessageFailureRate" classname="Touchstone"/><testcase name="FSR451673ir2_ForceApiFailureRate_modifyMessageFailureRate" classname="Touchstone"/><testcase name="FSR322484ne1_ForceApiFailureRate_getFolderFailureRate" classname="Touchstone"/><testcase name="FSR370447gq1_SysCpuBusyPctLinux_sysCpuPct" classname="Touchstone"/><testcase name="FSR501265sg3_ForceApiFailureRate_getMailboxFailureRate" classname="Touchstone"/><testcase name="FSR322484ne1_ForceApiFailureRate_modifyMessageFailureRate" classname="Touchstone"/><testcase name="FSR320467ne1_SysCpuBusyPctLinux_sysCpuPct" classname="Touchstone"/><testcase name="FSR501265sg3_ForceApiFailureRate_flagSetFailureRate" classname="Touchstone"/><testcase name="FSR501265sg3_ForceApiFailureRate_searchFailureRate" classname="Touchstone"/><testcase name="FSR370447gq1_ForceApiFailureRate_getFolderFailureRate" classname="Touchstone"/><testcase name="FSR324004ne1_ForceApiFailureRate_foldersFailureRate" classname="Touchstone"/><testcase name="FSR370447gq1_ForceApiFailureRate_modifyMessageFailureRate" classname="Touchstone"/><testcase name="FSR322047ne1_ForceApiFailureRate_flagSetFailureRate" classname="Touchstone"/><testcase name="FSR324004ne1_ForceApiFailureRate_getMailboxFailureRate" classname="Touchstone"/><testcase name="FSR401204bf1_ForceApiFailureRate_foldersFailureRate" classname="Touchstone"/><testcase name="FSR401204bf1_ForceApiFailureRate_getFolderFailureRate" classname="Touchstone"/><testcase name="FSR401664bf1_ForceApiFailureRate_foldersFailureRate" classname="Touchstone"/><testcase name="FSR322484ne1_ForceApiFailureRate_flagSetFailureRate" classname="Touchstone"/><testcase name="FSR322484ne1_ForceApiFailureRate_messagesFailureRate" classname="Touchstone"/><testcase name="FSR501265sg3_ForceApiFailureRate_messagesFailureRate" classname="Touchstone"/><testcase name="FSR401204bf1_ForceApiFailureRate_searchFailureRate" classname="Touchstone"/><testcase name="FSR322484ne1_ForceApiFailureRate_deleteMessageFailureRate" classname="Touchstone"/><testcase name="FSR322484ne1_ForceApiFailureRate_getMailboxFailureRate" classname="Touchstone"/><testcase name="FSR401664bf1_ForceApiFailureRate_deleteMessageFailureRate" classname="Touchstone"/><testcase name="FSR451673ir2_ForceApiFailureRate_getFolderFailureRate" classname="Touchstone"/><testcase name="FSR501265sg3_SysCpuBusyPctLinux_sysCpuPct" classname="Touchstone"/><testcase name="FSR371217gq1_ForceReplicationSizeOfLogQueue_replLogQueueSize" classname="Touchstone"/><testcase name="FSR371217gq1_ForceApiLatency_getFolderLatency" classname="Touchstone"/><testcase name="FSR427029bf2_ForceApiLatency_getFolderLatency" classname="Touchstone"/><testcase name="FSR371217gq1_ForceApiLatency_folderMessagesLatency" classname="Touchstone"/><testcase name="FSR400607bf1_SysMemUsedPctLinux_sysMemoryPct" classname="Touchstone"/><testcase name="FSR371217gq1_JettyLatency_jettyLatency" classname="Touchstone"/><testcase name="FSR400607bf1_ForceApiCount_listFolderApiCount" classname="Touchstone"/><testcase name="FSR371217gq1_ForceApiLatency_messagesLatency" classname="Touchstone"/><testcase name="FSR427029bf2_JettyLatency_jettyLatency" classname="Touchstone"/><testcase name="FSR371217gq1_ForceApiLatency_modifyMessageLatency" classname="Touchstone"/><testcase name="FSR426480bf2_ForceReplicationSizeOfLogQueue_replLogQueueSize" classname="Touchstone"/><testcase name="FSR427029bf2_ForceReplicationSizeOfLogQueue_replLogQueueSize" classname="Touchstone"/><testcase name="FSR400607bf1_ForceApiLatency_foldersLatency" classname="Touchstone"/><testcase name="FSR400607bf1_JettyLatency_jettyLatency" classname="Touchstone"/><testcase name="FSR371217gq1_JettyFailureRate_jettyFailureRate" classname="Touchstone"/><testcase name="FSR371217gq1_ForceServerFullGCcount_fullGC" classname="Touchstone"/><testcase name="FSR427029bf2_ForceServerFullGCcount_fullGC" classname="Touchstone"/><testcase name="FSR426480bf2_JettyLatency_jettyLatency" classname="Touchstone"/><testcase name="FSR371217gq1_ForceApiLatency_getMailboxLatency" classname="Touchstone"/><testcase name="FSR426480bf2_ForceServerFullGCcount_fullGC" classname="Touchstone"/><testcase name="FSR400607bf1_ForceApiLatency_folderMessagesLatency" classname="Touchstone"/><testcase name="FSR427029bf2_ForceApiCount_listFolderApiCount" classname="Touchstone"/><testcase name="FSR427029bf2_JettyFailureRate_jettyFailureRate" classname="Touchstone"/><testcase name="FSR427029bf2_ForceApiLatency_messagesLatency" classname="Touchstone"/><testcase name="FSR427029bf2_ForceApiLatency_getMailboxLatency" classname="Touchstone"/><testcase name="FSR400607bf1_ForceApiLatency_modifyMessageLatency" classname="Touchstone"/><testcase name="FSR400607bf1_ForceReplicationSizeOfLogQueue_replLogQueueSize" classname="Touchstone"/><testcase name="FSR400607bf1_JettyFailureRate_jettyFailureRate" classname="Touchstone"/><testcase name="FSR426480bf2_ForceApiLatency_getFolderLatency" classname="Touchstone"/><testcase name="FSR426480bf2_ForceApiCount_listFolderApiCount" classname="Touchstone"/><testcase name="FSR427029bf2_ForceApiLatency_flagSetLatency" classname="Touchstone"/><testcase name="FSR426480bf2_ForceApiLatency_appendMessageLatency" classname="Touchstone"/><testcase name="FSR426480bf2_SysMemUsedPctLinux_sysMemoryPct" classname="Touchstone"/><testcase name="FSR427029bf2_SysMemUsedPctLinux_sysMemoryPct" classname="Touchstone"/><testcase name="FSR400607bf1_ForceServerFullGCcount_fullGC" classname="Touchstone"/><testcase name="FSR426480bf2_ForceApiLatency_messagesLatency" classname="Touchstone"/><testcase name="FSR426480bf2_JettyFailureRate_jettyFailureRate" classname="Touchstone"/><testcase name="FSR400607bf1_ForceApiLatency_getFolderLatency" classname="Touchstone"/><testcase name="FSR371217gq1_ForceApiLatency_appendMessageLatency" classname="Touchstone"/><testcase name="FSR371217gq1_ForceApiLatency_foldersLatency" classname="Touchstone"/><testcase name="FSR371217gq1_ForceApiCount_listFolderApiCount" classname="Touchstone"/><testcase name="FSR400607bf1_ForceApiLatency_flagSetLatency" classname="Touchstone"/><testcase name="FSR427029bf2_ForceApiLatency_folderMessagesLatency" classname="Touchstone"/><testcase name="FSR400607bf1_ForceApiLatency_messagesLatency" classname="Touchstone"/><testcase name="FSR426480bf2_ForceApiLatency_flagSetLatency" classname="Touchstone"/><testcase name="FSR400607bf1_ForceApiLatency_appendMessageLatency" classname="Touchstone"/><testcase name="FSR427029bf2_SysCpuBusyPctLinux_sysCpuPct" classname="Touchstone"/><testcase name="FSR427029bf2_ForceApiLatency_appendMessageLatency" classname="Touchstone"/><testcase name="FSR426480bf2_ForceApiLatency_folderMessagesLatency" classname="Touchstone"/><testcase name="FSR427029bf2_ForceApiFailureRate_getFolderFailureRate" classname="Touchstone"/><testcase name="FSR371217gq1_SysMemUsedPctLinux_sysMemoryPct" classname="Touchstone"/><testcase name="FSR426480bf2_ForceApiFailureRate_searchFailureRate" classname="Touchstone"/><testcase name="FSR427029bf2_ForceApiLatency_modifyMessageLatency" classname="Touchstone"/><testcase name="FSR426480bf2_ForceApiLatency_modifyMessageLatency" classname="Touchstone"/><testcase name="FSR371217gq1_ForceApiLatency_flagSetLatency" classname="Touchstone"/><testcase name="FSR427029bf2_ForceApiLatency_foldersLatency" classname="Touchstone"/><testcase name="FSR371217gq1_ForceApiFailureRate_folderMessagesFailureRate" classname="Touchstone"/><testcase name="FSR371217gq1_ForceApiFailureRate_getFolderFailureRate" classname="Touchstone"/><testcase name="FSR400607bf1_ForceApiLatency_getMailboxLatency" classname="Touchstone"/><testcase name="FSR371217gq1_ForceApiFailureRate_modifyMessageFailureRate" classname="Touchstone"/><testcase name="FSR427029bf2_ForceApiFailureRate_searchFailureRate" classname="Touchstone"/><testcase name="FSR371217gq1_ForceApiFailureRate_getMailboxFailureRate" classname="Touchstone"/><testcase name="FSR427029bf2_ForceApiFailureRate_modifyMessageFailureRate" classname="Touchstone"/><testcase name="FSR426480bf2_ForceApiLatency_getMailboxLatency" classname="Touchstone"/><testcase name="FSR426480bf2_ForceApiLatency_foldersLatency" classname="Touchstone"/><testcase name="FSR427029bf2_ForceApiFailureRate_foldersFailureRate" classname="Touchstone"/><testcase name="FSR400607bf1_ForceApiFailureRate_getFolderFailureRate" classname="Touchstone"/><testcase name="FSR427029bf2_ForceApiFailureRate_getMailboxFailureRate" classname="Touchstone"/><testcase name="FSR371217gq1_SysCpuBusyPctLinux_sysCpuPct" classname="Touchstone"/><testcase name="FSR427029bf2_ForceApiFailureRate_appendMessageFailureRate" classname="Touchstone"/><testcase name="FSR371217gq1_ForceApiFailureRate_appendMessageFailureRate" classname="Touchstone"/><testcase name="FSR427029bf2_ForceApiFailureRate_deleteMessageFailureRate" classname="Touchstone"/><testcase name="FSR400607bf1_SysCpuBusyPctLinux_sysCpuPct" classname="Touchstone"/><testcase name="FSR427029bf2_ForceApiFailureRate_flagSetFailureRate" classname="Touchstone"/><testcase name="FSR371217gq1_ForceApiFailureRate_flagSetFailureRate" classname="Touchstone"/><testcase name="FSR426480bf2_ForceApiFailureRate_getMailboxFailureRate" classname="Touchstone"/><testcase name="FSR426480bf2_SysCpuBusyPctLinux_sysCpuPct" classname="Touchstone"/><testcase name="FSR371217gq1_ForceApiFailureRate_deleteMessageFailureRate" classname="Touchstone"/><testcase name="FSR426480bf2_ForceApiFailureRate_getFolderFailureRate" classname="Touchstone"/><testcase name="FSR426480bf2_ForceApiFailureRate_flagSetFailureRate" classname="Touchstone"/><testcase name="FSR400607bf1_ForceApiFailureRate_messagesFailureRate" classname="Touchstone"/><testcase name="FSR400607bf1_ForceApiFailureRate_getMailboxFailureRate" classname="Touchstone"/><testcase name="FSR400607bf1_ForceApiFailureRate_folderMessagesFailureRate" classname="Touchstone"/><testcase name="FSR371217gq1_ForceApiFailureRate_searchFailureRate" classname="Touchstone"/><testcase name="FSR426480bf2_ForceApiFailureRate_modifyMessageFailureRate" classname="Touchstone"/><testcase name="FSR427029bf2_ForceApiFailureRate_messagesFailureRate" classname="Touchstone"/><testcase name="FSR371217gq1_ForceApiFailureRate_foldersFailureRate" classname="Touchstone"/><testcase name="FSR371217gq1_ForceApiFailureRate_messagesFailureRate" classname="Touchstone"/><testcase name="FSR400607bf1_ForceApiFailureRate_foldersFailureRate" classname="Touchstone"/><testcase name="FSR426480bf2_ForceApiFailureRate_messagesFailureRate" classname="Touchstone"/><testcase name="FSR426480bf2_ForceApiFailureRate_foldersFailureRate" classname="Touchstone"/><testcase name="FSR400607bf1_ForceApiFailureRate_deleteMessageFailureRate" classname="Touchstone"/><testcase name="FSR426480bf2_ForceApiFailureRate_deleteMessageFailureRate" classname="Touchstone"/><testcase name="FSR426480bf2_ForceApiFailureRate_appendMessageFailureRate" classname="Touchstone"/><testcase name="FSR400607bf1_ForceApiFailureRate_searchFailureRate" classname="Touchstone"/><testcase name="FSR400607bf1_ForceApiFailureRate_modifyMessageFailureRate" classname="Touchstone"/><testcase name="FSR427029bf2_ForceApiFailureRate_folderMessagesFailureRate" classname="Touchstone"/><testcase name="FSR426480bf2_ForceApiFailureRate_folderMessagesFailureRate" classname="Touchstone"/><testcase name="FSR400607bf1_ForceApiFailureRate_flagSetFailureRate" classname="Touchstone"/><testcase name="FSR400607bf1_ForceApiFailureRate_appendMessageFailureRate" classname="Touchstone"/></testsuite><testsuite name="Second Touchstone" tests="100"><testcase name="FSR400853bf1_ForceReplicationSizeOfLogQueue_replLogQueueSize" classname="Touchstone"/><testcase name="FSR451209ir2_JettyLatency_jettyLatency" classname="Touchstone"/><testcase name="FSR400853bf1_ForceServerFullGCcount_fullGC" classname="Touchstone"/></testsuite><testsuite name="Third Touchstone" tests="10"><testcase name="FSR400853bf1_ForceReplicationSizeOfLogQueue_replLogQueueSize" classname="Touchstone"/><testcase name="FSR451209ir2_JettyLatency_jettyLatency" classname="Touchstone"/><testcase name="FSR400853bf1_ForceServerFullGCcount_fullGC" classname="Third Touchstone"/></testsuite></testsuites>
