<?xml version="1.0" encoding="UTF-8"?>
<testsuites><testsuite name="Touchstone" tests="1350"><testcase name="XXX400853bf1_ForceReplicationSizeOfLogQueue_replLogQueueSize" classname="Touchstone"/><testcase name="XXX451209ir2_JettyLatency_jettyLatency" classname="Touchstone"/><testcase name="XXX400853bf1_ForceServerFullGCcount_fullGC" classname="Touchstone"/><testcase name="XXX451209ir2_JettyFailureRate_jettyFailureRate" classname="Touchstone"/><testcase name="XXX452013ir2_ForceApiCount_listFolderApiCount" classname="Touchstone"/><testcase name="XXX321214ne1_JettyLatency_jettyLatency" classname="Touchstone"/><testcase name="XXX452013ir2_ForceApiLatency_getMailboxLatency" classname="Touchstone"/><testcase name="XXX426229bf2_JettyLatency_jettyLatency" classname="Touchstone"/><testcase name="XXX451209ir2_ForceReplicationSizeOfLogQueue_replLogQueueSize" classname="Touchstone"/><testcase name="XXX451209ir2_ForceApiFailureRate_getFolderFailureRate" classname="Touchstone"/><testcase name="XXX452013ir2_SysMemUsedPctLinux_sysMemoryPct" classname="Touchstone"/><testcase name="XXX400853bf1_JettyLatency_jettyLatency" classname="Touchstone"/><testcase name="XXX451209ir2_SysMemUsedPctLinux_sysMemoryPct" classname="Touchstone"/><testcase name="XXX400607bf1_ForceApiFailureRate_appendMessageFailureRate" classname="Touchstone"/></testsuite>
<testsuite name="Second Touchstone" tests="100"><testcase name="XXX400853bf1_ForceReplicationSizeOfLogQueue_replLogQueueSize" classname="Touchstone"/><testcase name="XXX451209ir2_JettyLatency_jettyLatency" classname="Touchstone"/><testcase name="XXX400853bf1_ForceServerFullGCcount_fullGC" classname="Touchstone"/></testsuite>
</testsuites>
